[0.016s] Invoking command in '/home/kemo/ros2_ws/build/turtlebot3_gazebo': CMAKE_PREFIX_PATH=/opt/ros/humble /usr/bin/cmake /home/kemo/ros2_ws/src/turtlebot3_simulations/turtlebot3_gazebo -DCMAKE_INSTALL_PREFIX=/home/kemo/ros2_ws/install/turtlebot3_gazebo
[0.254s] -- The C compiler identification is GNU 11.4.0
[0.255s] -- The CXX compiler identification is GNU 11.4.0
[0.255s] -- Detecting C compiler ABI info
[0.319s] -- Detecting C compiler ABI info - done
[0.332s] -- Check for working C compiler: /usr/bin/cc - skipped
[0.332s] -- Detecting C compile features
[0.333s] -- Detecting C compile features - done
[0.337s] -- Detecting CXX compiler ABI info
[0.410s] -- Detecting CXX compiler ABI info - done
[0.424s] -- Check for working CXX compiler: /usr/bin/c++ - skipped
[0.424s] -- Detecting CXX compile features
[0.426s] -- Detecting CXX compile features - done
[0.429s] -- Found ament_cmake: 1.3.10 (/opt/ros/humble/share/ament_cmake/cmake)
[0.570s] -- Found Python3: /usr/bin/python3 (found version "3.10.12") found components: Interpreter 
[0.660s] [33mCMake Warning (dev) at /usr/share/cmake-3.22/Modules/FindPackageHandleStandardArgs.cmake:438 (message):
[0.660s]   The package name passed to `find_package_handle_standard_args` (PkgConfig)
[0.660s]   does not match the name of the calling package (gazebo).  This can lead to
[0.660s]   problems in calling code that expects `find_package` result variables
[0.660s]   (e.g., `_FOUND`) to follow a certain pattern.
[0.660s] Call Stack (most recent call first):
[0.660s]   /usr/share/cmake-3.22/Modules/FindPkgConfig.cmake:99 (find_package_handle_standard_args)
[0.661s]   /usr/lib/x86_64-linux-gnu/cmake/gazebo/gazebo-config.cmake:72 (include)
[0.661s]   CMakeLists.txt:23 (find_package)
[0.661s] This warning is for project developers.  Use -Wno-dev to suppress it.
[0.661s] [0m
[0.661s] -- Found PkgConfig: /usr/bin/pkg-config (found version "0.29.2") 
[0.664s] -- Checking for module 'bullet>=2.82'
[0.676s] --   Found bullet, version 3.05
[0.773s] -- Found fcl: /usr/include (found suitable version "0.7.0", minimum required is "0.5.0") 
[0.823s] -- Found assimp: /usr/include (found version "5.2.0") 
[0.839s] -- Found DART: /usr/include (Required is at least version "6.6") found components: dart 
[1.022s] -- Found Boost: /usr/lib/x86_64-linux-gnu/cmake/Boost-1.74.0/BoostConfig.cmake (found suitable version "1.74.0", minimum required is "1.40.0") found components: thread system filesystem program_options regex iostreams date_time 
[1.039s] -- Found Protobuf: /usr/lib/x86_64-linux-gnu/libprotobuf.so (found version "3.12.4") 
[1.043s] -- Looking for ignition-math6 -- found version 6.15.1
[1.049s] -- Searching for dependencies of ignition-math6
[1.050s] -- Looking for OGRE...
[1.050s] -- OGRE_PREFIX_WATCH changed.
[1.055s] -- Checking for module 'OGRE'
[1.068s] --   Found OGRE, version 1.9.0
[1.101s] -- Found Ogre Ghadamon (1.9.0)
[1.111s] -- Found OGRE: optimized;/usr/lib/x86_64-linux-gnu/libOgreMain.so;debug;/usr/lib/x86_64-linux-gnu/libOgreMain.so
[1.120s] -- Looking for OGRE_Paging...
[1.127s] -- Found OGRE_Paging: optimized;/usr/lib/x86_64-linux-gnu/libOgrePaging.so;debug;/usr/lib/x86_64-linux-gnu/libOgrePaging.so
[1.127s] -- Looking for OGRE_Terrain...
[1.132s] -- Found OGRE_Terrain: optimized;/usr/lib/x86_64-linux-gnu/libOgreTerrain.so;debug;/usr/lib/x86_64-linux-gnu/libOgreTerrain.so
[1.133s] -- Looking for OGRE_Property...
[1.137s] -- Found OGRE_Property: optimized;/usr/lib/x86_64-linux-gnu/libOgreProperty.so;debug;/usr/lib/x86_64-linux-gnu/libOgreProperty.so
[1.137s] -- Looking for OGRE_RTShaderSystem...
[1.143s] -- Found OGRE_RTShaderSystem: optimized;/usr/lib/x86_64-linux-gnu/libOgreRTShaderSystem.so;debug;/usr/lib/x86_64-linux-gnu/libOgreRTShaderSystem.so
[1.143s] -- Looking for OGRE_Volume...
[1.147s] -- Found OGRE_Volume: optimized;/usr/lib/x86_64-linux-gnu/libOgreVolume.so;debug;/usr/lib/x86_64-linux-gnu/libOgreVolume.so
[1.147s] -- Looking for OGRE_Overlay...
[1.151s] -- Found OGRE_Overlay: optimized;/usr/lib/x86_64-linux-gnu/libOgreOverlay.so;debug;/usr/lib/x86_64-linux-gnu/libOgreOverlay.so
[1.245s] -- Looking for ignition-math6 -- found version 6.15.1
[1.247s] -- Looking for ignition-transport8 -- found version 8.2.1
[1.248s] -- Searching for dependencies of ignition-transport8
[1.262s] -- Found Protobuf: /usr/lib/x86_64-linux-gnu/libprotobuf.so (found suitable version "3.12.4", minimum required is "3") 
[1.271s] -- Config-file not installed for ZeroMQ -- checking for pkg-config
[1.275s] -- Checking for module 'libzmq >= 4'
[1.286s] --   Found libzmq , version 4.3.4
[1.316s] -- Found ZeroMQ: TRUE (Required is at least version "4") 
[1.321s] -- Checking for module 'uuid'
[1.331s] --   Found uuid, version 2.37.2
[1.358s] -- Found UUID: TRUE  
[1.360s] -- Looking for ignition-msgs5 -- found version 5.8.1
[1.360s] -- Searching for dependencies of ignition-msgs5
[1.381s] -- Looking for ignition-math6 -- found version 6.15.1
[1.385s] -- Checking for module 'tinyxml2'
[1.396s] --   Found tinyxml2, version 9.0.0
[1.423s] -- Looking for ignition-msgs5 -- found version 5.8.1
[1.424s] -- Looking for ignition-common3 -- found version 3.14.0
[1.425s] -- Searching for dependencies of ignition-common3
[1.425s] -- Looking for dlfcn.h - found
[1.426s] -- Looking for libdl - found
[1.427s] -- Found DL: TRUE  
[1.436s] -- Found tinyobjloader: /usr/lib/x86_64-linux-gnu/cmake/tinyobjloader/tinyobjloader-config.cmake (found version "2.0.0") 
[1.437s] -- Searching for <ignition-common3> component [graphics]
[1.438s] -- Looking for ignition-common3-graphics -- found version 3.14.0
[1.439s] -- Searching for dependencies of ignition-common3-graphics
[1.439s] -- Looking for ignition-math6 -- found version 6.15.1
[1.441s] -- Looking for ignition-fuel_tools4 -- found version 4.4.0
[1.441s] -- Searching for dependencies of ignition-fuel_tools4
[1.505s] -- Found CURL: /usr/lib/x86_64-linux-gnu/libcurl.so (found version "7.81.0")  
[1.511s] -- Checking for module 'jsoncpp'
[1.522s] --   Found jsoncpp, version 1.9.5
[1.550s] -- Found JSONCPP: TRUE  
[1.555s] -- Checking for module 'libzip'
[1.565s] --   Found libzip, version 1.7.3
[1.592s] -- Found ZIP: TRUE  
[1.592s] -- Looking for ignition-common3 -- found version 3.14.0
[1.592s] -- Looking for ignition-math6 -- found version 6.15.1
[1.593s] -- Looking for ignition-msgs5 -- found version 5.8.1
[1.604s] [31mCMake Error at CMakeLists.txt:24 (find_package):
[1.604s]   By not providing "Findgazebo_ros_pkgs.cmake" in CMAKE_MODULE_PATH this
[1.604s]   project has asked CMake to find a package configuration file provided by
[1.604s]   "gazebo_ros_pkgs", but CMake did not find one.
[1.604s] 
[1.604s]   Could not find a package configuration file provided by "gazebo_ros_pkgs"
[1.604s]   with any of the following names:
[1.605s] 
[1.605s]     gazebo_ros_pkgsConfig.cmake
[1.605s]     gazebo_ros_pkgs-config.cmake
[1.605s] 
[1.605s]   Add the installation prefix of "gazebo_ros_pkgs" to CMAKE_PREFIX_PATH or
[1.605s]   set "gazebo_ros_pkgs_DIR" to a directory containing one of the above files.
[1.605s]   If "gazebo_ros_pkgs" provides a separate development package or SDK, be
[1.605s]   sure it has been installed.
[1.605s] 
[1.605s] [0m
[1.605s] -- Configuring incomplete, errors occurred!
[1.605s] See also "/home/kemo/ros2_ws/build/turtlebot3_gazebo/CMakeFiles/CMakeOutput.log".
