[0.736s] Invoking command in '/home/kemo/colcon_ws/src/a1': PYTHONPATH=/home/kemo/colcon_ws/build/a1/prefix_override:/usr/lib/python3/dist-packages/colcon_core/task/python/colcon_distutils_commands:/home/kemo/colcon_ws/install/a1/lib/python3.10/site-packages:${PYTHONPATH} /usr/bin/python3 -W ignore:setup.py install is deprecated setup.py egg_info --egg-base ../../build/a1 build --build-base /home/kemo/colcon_ws/build/a1/build install --record /home/kemo/colcon_ws/build/a1/install.log --single-version-externally-managed install_data
[0.980s] running egg_info
[0.981s] writing ../../build/a1/a1.egg-info/PKG-INFO
[0.981s] writing dependency_links to ../../build/a1/a1.egg-info/dependency_links.txt
[0.981s] writing entry points to ../../build/a1/a1.egg-info/entry_points.txt
[0.982s] writing requirements to ../../build/a1/a1.egg-info/requires.txt
[0.982s] writing top-level names to ../../build/a1/a1.egg-info/top_level.txt
[0.985s] reading manifest file '../../build/a1/a1.egg-info/SOURCES.txt'
[0.986s] writing manifest file '../../build/a1/a1.egg-info/SOURCES.txt'
[0.986s] running build
[0.986s] running build_py
[0.986s] copying a1/first _publisher.py -> /home/kemo/colcon_ws/build/a1/build/lib/a1
[0.986s] copying a1/first_subscriber.py -> /home/kemo/colcon_ws/build/a1/build/lib/a1
[0.986s] running install
[0.987s] running install_lib
[0.988s] copying /home/kemo/colcon_ws/build/a1/build/lib/a1/first _publisher.py -> /home/kemo/colcon_ws/install/a1/lib/python3.10/site-packages/a1
[0.988s] copying /home/kemo/colcon_ws/build/a1/build/lib/a1/first_subscriber.py -> /home/kemo/colcon_ws/install/a1/lib/python3.10/site-packages/a1
[0.988s] byte-compiling /home/kemo/colcon_ws/install/a1/lib/python3.10/site-packages/a1/first _publisher.py to first _publisher.cpython-310.pyc
[0.989s] byte-compiling /home/kemo/colcon_ws/install/a1/lib/python3.10/site-packages/a1/first_subscriber.py to first_subscriber.cpython-310.pyc
[0.989s] running install_data
[0.989s] copying package.xml -> /home/kemo/colcon_ws/install/a1/share/a1
[0.989s] running install_egg_info
[0.991s] removing '/home/kemo/colcon_ws/install/a1/lib/python3.10/site-packages/a1-0.0.0-py3.10.egg-info' (and everything under it)
[0.992s] Copying ../../build/a1/a1.egg-info to /home/kemo/colcon_ws/install/a1/lib/python3.10/site-packages/a1-0.0.0-py3.10.egg-info
[0.993s] running install_scripts
[1.012s] Installing listener script to /home/kemo/colcon_ws/install/a1/lib/a1
[1.012s] Installing talker script to /home/kemo/colcon_ws/install/a1/lib/a1
[1.013s] writing list of installed files to '/home/kemo/colcon_ws/build/a1/install.log'
[1.032s] Invoked command in '/home/kemo/colcon_ws/src/a1' returned '0': PYTHONPATH=/home/kemo/colcon_ws/build/a1/prefix_override:/usr/lib/python3/dist-packages/colcon_core/task/python/colcon_distutils_commands:/home/kemo/colcon_ws/install/a1/lib/python3.10/site-packages:${PYTHONPATH} /usr/bin/python3 -W ignore:setup.py install is deprecated setup.py egg_info --egg-base ../../build/a1 build --build-base /home/kemo/colcon_ws/build/a1/build install --record /home/kemo/colcon_ws/build/a1/install.log --single-version-externally-managed install_data
