[0.879s] Invoking command in '/home/kemo/colcon_ws/build/a2': PYTHONPATH=/home/kemo/colcon_ws/build/a2/prefix_override:/usr/lib/python3/dist-packages/colcon_core/task/python/colcon_distutils_commands:/home/kemo/colcon_ws/install/a2/lib/python3.10/site-packages:${PYTHONPATH} /usr/bin/python3 -W ignore:setup.py install is deprecated setup.py develop --editable --build-directory /home/kemo/colcon_ws/build/a2/build --no-deps symlink_data --force
[1.159s] running develop
[1.159s] /usr/lib/python3/dist-packages/setuptools/command/easy_install.py:158: EasyInstallDeprecationWarning: easy_install command is deprecated. Use build and pip and other standards-based tools.
[1.159s]   warnings.warn(
[1.345s] running egg_info
[1.346s] writing a2.egg-info/PKG-INFO
[1.346s] writing dependency_links to a2.egg-info/dependency_links.txt
[1.346s] writing entry points to a2.egg-info/entry_points.txt
[1.346s] writing requirements to a2.egg-info/requires.txt
[1.346s] writing top-level names to a2.egg-info/top_level.txt
[1.349s] reading manifest file 'a2.egg-info/SOURCES.txt'
[1.349s] writing manifest file 'a2.egg-info/SOURCES.txt'
[1.350s] running build_ext
[1.350s] Creating /home/kemo/colcon_ws/install/a2/lib/python3.10/site-packages/a2.egg-link (link to .)
[1.351s] 
[1.351s] Installed /home/kemo/colcon_ws/build/a2
[1.351s] running symlink_data
[1.352s] symbolically linking /home/kemo/colcon_ws/build/a2/resource/a2 -> /home/kemo/colcon_ws/install/a2/share/ament_index/resource_index/packages
[1.352s] symbolically linking /home/kemo/colcon_ws/build/a2/package.xml -> /home/kemo/colcon_ws/install/a2/share/a2
[1.375s] Invoked command in '/home/kemo/colcon_ws/build/a2' returned '0': PYTHONPATH=/home/kemo/colcon_ws/build/a2/prefix_override:/usr/lib/python3/dist-packages/colcon_core/task/python/colcon_distutils_commands:/home/kemo/colcon_ws/install/a2/lib/python3.10/site-packages:${PYTHONPATH} /usr/bin/python3 -W ignore:setup.py install is deprecated setup.py develop --editable --build-directory /home/kemo/colcon_ws/build/a2/build --no-deps symlink_data --force
