[0.764s] Invoking command in '/home/kemo/ros2_ws/src/a2': PYTHONPATH=/home/kemo/ros2_ws/build/a2/prefix_override:/usr/lib/python3/dist-packages/colcon_core/task/python/colcon_distutils_commands:/home/kemo/ros2_ws/install/a2/lib/python3.10/site-packages:${PYTHONPATH} /usr/bin/python3 -W ignore:setup.py install is deprecated setup.py egg_info --egg-base ../../build/a2 build --build-base /home/kemo/ros2_ws/build/a2/build install --record /home/kemo/ros2_ws/build/a2/install.log --single-version-externally-managed install_data
[0.983s] running egg_info
[0.984s] writing ../../build/a2/a2.egg-info/PKG-INFO
[0.984s] writing dependency_links to ../../build/a2/a2.egg-info/dependency_links.txt
[0.984s] writing entry points to ../../build/a2/a2.egg-info/entry_points.txt
[0.984s] writing requirements to ../../build/a2/a2.egg-info/requires.txt
[0.984s] writing top-level names to ../../build/a2/a2.egg-info/top_level.txt
[0.986s] reading manifest file '../../build/a2/a2.egg-info/SOURCES.txt'
[0.986s] writing manifest file '../../build/a2/a2.egg-info/SOURCES.txt'
[0.987s] running build
[0.987s] running build_py
[0.987s] running install
[0.987s] running install_lib
[0.988s] running install_data
[0.988s] running install_egg_info
[0.989s] removing '/home/kemo/ros2_ws/install/a2/lib/python3.10/site-packages/a2-0.0.0-py3.10.egg-info' (and everything under it)
[0.990s] Copying ../../build/a2/a2.egg-info to /home/kemo/ros2_ws/install/a2/lib/python3.10/site-packages/a2-0.0.0-py3.10.egg-info
[0.990s] running install_scripts
[1.010s] writing list of installed files to '/home/kemo/ros2_ws/build/a2/install.log'
[1.032s] Invoked command in '/home/kemo/ros2_ws/src/a2' returned '0': PYTHONPATH=/home/kemo/ros2_ws/build/a2/prefix_override:/usr/lib/python3/dist-packages/colcon_core/task/python/colcon_distutils_commands:/home/kemo/ros2_ws/install/a2/lib/python3.10/site-packages:${PYTHONPATH} /usr/bin/python3 -W ignore:setup.py install is deprecated setup.py egg_info --egg-base ../../build/a2 build --build-base /home/kemo/ros2_ws/build/a2/build install --record /home/kemo/ros2_ws/build/a2/install.log --single-version-externally-managed install_data
