[0.678s] Invoking command in '/home/kemo/colcon_ws/build/a1': PYTHONPATH=/home/kemo/colcon_ws/build/a1/prefix_override:/usr/lib/python3/dist-packages/colcon_core/task/python/colcon_distutils_commands:/home/kemo/colcon_ws/install/a1/lib/python3.10/site-packages:${PYTHONPATH} /usr/bin/python3 -W ignore:setup.py install is deprecated setup.py develop --uninstall --editable --build-directory /home/kemo/colcon_ws/build/a1/build
[0.955s] running develop
[0.956s] /usr/lib/python3/dist-packages/setuptools/command/easy_install.py:158: EasyInstallDeprecationWarning: easy_install command is deprecated. Use build and pip and other standards-based tools.
[0.956s]   warnings.warn(
[1.147s] Removing /home/kemo/colcon_ws/install/a1/lib/python3.10/site-packages/a1.egg-link (link to .)
[1.170s] Invoked command in '/home/kemo/colcon_ws/build/a1' returned '0': PYTHONPATH=/home/kemo/colcon_ws/build/a1/prefix_override:/usr/lib/python3/dist-packages/colcon_core/task/python/colcon_distutils_commands:/home/kemo/colcon_ws/install/a1/lib/python3.10/site-packages:${PYTHONPATH} /usr/bin/python3 -W ignore:setup.py install is deprecated setup.py develop --uninstall --editable --build-directory /home/kemo/colcon_ws/build/a1/build
[1.171s] Invoking command in '/home/kemo/colcon_ws/src/a1': PYTHONPATH=/home/kemo/colcon_ws/build/a1/prefix_override:/usr/lib/python3/dist-packages/colcon_core/task/python/colcon_distutils_commands:/home/kemo/colcon_ws/install/a1/lib/python3.10/site-packages:${PYTHONPATH} /usr/bin/python3 -W ignore:setup.py install is deprecated setup.py egg_info --egg-base ../../build/a1 build --build-base /home/kemo/colcon_ws/build/a1/build install --record /home/kemo/colcon_ws/build/a1/install.log --single-version-externally-managed install_data --force
[1.416s] running egg_info
[1.417s] writing ../../build/a1/a1.egg-info/PKG-INFO
[1.417s] writing dependency_links to ../../build/a1/a1.egg-info/dependency_links.txt
[1.417s] writing entry points to ../../build/a1/a1.egg-info/entry_points.txt
[1.417s] writing requirements to ../../build/a1/a1.egg-info/requires.txt
[1.417s] writing top-level names to ../../build/a1/a1.egg-info/top_level.txt
[1.422s] reading manifest file '../../build/a1/a1.egg-info/SOURCES.txt'
[1.423s] writing manifest file '../../build/a1/a1.egg-info/SOURCES.txt'
[1.423s] running build
[1.423s] running build_py
[1.424s] running install
[1.424s] running install_lib
[1.425s] copying /home/kemo/colcon_ws/build/a1/build/lib/a1/__init__.py -> /home/kemo/colcon_ws/install/a1/lib/python3.10/site-packages/a1
[1.425s] copying /home/kemo/colcon_ws/build/a1/build/lib/a1/first_subscriber.py -> /home/kemo/colcon_ws/install/a1/lib/python3.10/site-packages/a1
[1.426s] copying /home/kemo/colcon_ws/build/a1/build/lib/a1/first_publisher.py -> /home/kemo/colcon_ws/install/a1/lib/python3.10/site-packages/a1
[1.426s] byte-compiling /home/kemo/colcon_ws/install/a1/lib/python3.10/site-packages/a1/__init__.py to __init__.cpython-310.pyc
[1.427s] byte-compiling /home/kemo/colcon_ws/install/a1/lib/python3.10/site-packages/a1/first_subscriber.py to first_subscriber.cpython-310.pyc
[1.427s] byte-compiling /home/kemo/colcon_ws/install/a1/lib/python3.10/site-packages/a1/first_publisher.py to first_publisher.cpython-310.pyc
[1.427s] running install_data
[1.427s] copying resource/a1 -> /home/kemo/colcon_ws/install/a1/share/ament_index/resource_index/packages
[1.427s] copying package.xml -> /home/kemo/colcon_ws/install/a1/share/a1
[1.427s] running install_egg_info
[1.429s] Copying ../../build/a1/a1.egg-info to /home/kemo/colcon_ws/install/a1/lib/python3.10/site-packages/a1-0.0.0-py3.10.egg-info
[1.430s] running install_scripts
[1.448s] Installing listener script to /home/kemo/colcon_ws/install/a1/lib/a1
[1.448s] Installing talker script to /home/kemo/colcon_ws/install/a1/lib/a1
[1.448s] writing list of installed files to '/home/kemo/colcon_ws/build/a1/install.log'
[1.468s] Invoked command in '/home/kemo/colcon_ws/src/a1' returned '0': PYTHONPATH=/home/kemo/colcon_ws/build/a1/prefix_override:/usr/lib/python3/dist-packages/colcon_core/task/python/colcon_distutils_commands:/home/kemo/colcon_ws/install/a1/lib/python3.10/site-packages:${PYTHONPATH} /usr/bin/python3 -W ignore:setup.py install is deprecated setup.py egg_info --egg-base ../../build/a1 build --build-base /home/kemo/colcon_ws/build/a1/build install --record /home/kemo/colcon_ws/build/a1/install.log --single-version-externally-managed install_data --force
