[0.583s] Invoking command in '/home/kemo/colcon_ws/src/a1': PYTHONPATH=/home/kemo/colcon_ws/build/a1/prefix_override:/usr/lib/python3/dist-packages/colcon_core/task/python/colcon_distutils_commands:/home/kemo/colcon_ws/install/a1/lib/python3.10/site-packages:${PYTHONPATH} /usr/bin/python3 -W ignore:setup.py install is deprecated setup.py egg_info --egg-base ../../build/a1 build --build-base /home/kemo/colcon_ws/build/a1/build install --record /home/kemo/colcon_ws/build/a1/install.log --single-version-externally-managed install_data
[0.818s] running egg_info
[0.818s] writing ../../build/a1/a1.egg-info/PKG-INFO
[0.819s] writing dependency_links to ../../build/a1/a1.egg-info/dependency_links.txt
[0.819s] writing entry points to ../../build/a1/a1.egg-info/entry_points.txt
[0.819s] writing requirements to ../../build/a1/a1.egg-info/requires.txt
[0.819s] writing top-level names to ../../build/a1/a1.egg-info/top_level.txt
[0.822s] reading manifest file '../../build/a1/a1.egg-info/SOURCES.txt'
[0.822s] writing manifest file '../../build/a1/a1.egg-info/SOURCES.txt'
[0.823s] running build
[0.823s] running build_py
[0.823s] copying a1/first _publisher.py -> /home/kemo/colcon_ws/build/a1/build/lib/a1
[0.823s] running install
[0.823s] running install_lib
[0.824s] copying /home/kemo/colcon_ws/build/a1/build/lib/a1/first _publisher.py -> /home/kemo/colcon_ws/install/a1/lib/python3.10/site-packages/a1
[0.824s] byte-compiling /home/kemo/colcon_ws/install/a1/lib/python3.10/site-packages/a1/first _publisher.py to first _publisher.cpython-310.pyc
[0.825s] running install_data
[0.825s] running install_egg_info
[0.826s] removing '/home/kemo/colcon_ws/install/a1/lib/python3.10/site-packages/a1-0.0.0-py3.10.egg-info' (and everything under it)
[0.827s] Copying ../../build/a1/a1.egg-info to /home/kemo/colcon_ws/install/a1/lib/python3.10/site-packages/a1-0.0.0-py3.10.egg-info
[0.827s] running install_scripts
[0.844s] Installing listener script to /home/kemo/colcon_ws/install/a1/lib/a1
[0.845s] Installing talker script to /home/kemo/colcon_ws/install/a1/lib/a1
[0.845s] writing list of installed files to '/home/kemo/colcon_ws/build/a1/install.log'
[0.863s] Invoked command in '/home/kemo/colcon_ws/src/a1' returned '0': PYTHONPATH=/home/kemo/colcon_ws/build/a1/prefix_override:/usr/lib/python3/dist-packages/colcon_core/task/python/colcon_distutils_commands:/home/kemo/colcon_ws/install/a1/lib/python3.10/site-packages:${PYTHONPATH} /usr/bin/python3 -W ignore:setup.py install is deprecated setup.py egg_info --egg-base ../../build/a1 build --build-base /home/kemo/colcon_ws/build/a1/build install --record /home/kemo/colcon_ws/build/a1/install.log --single-version-externally-managed install_data
