[0.103s] DEBUG:colcon:Command line arguments: ['/usr/bin/colcon', 'build']
[0.104s] DEBUG:colcon:Parsed command line arguments: Namespace(log_base=None, log_level=None, verb_name='build', build_base='build', install_base='install', merge_install=False, symlink_install=False, test_result_base=None, continue_on_error=False, executor='parallel', parallel_workers=12, event_handlers=None, ignore_user_meta=False, metas=['./colcon.meta'], base_paths=['.'], packages_ignore=None, packages_ignore_regex=None, paths=None, packages_up_to=None, packages_up_to_regex=None, packages_above=None, packages_above_and_dependencies=None, packages_above_depth=None, packages_select_by_dep=None, packages_skip_by_dep=None, packages_skip_up_to=None, packages_select_build_failed=False, packages_skip_build_finished=False, packages_select_test_failures=False, packages_skip_test_passed=False, packages_select=None, packages_skip=None, packages_select_regex=None, packages_skip_regex=None, packages_start=None, packages_end=None, allow_overriding=[], cmake_args=None, cmake_target=None, cmake_target_skip_unavailable=False, cmake_clean_cache=False, cmake_clean_first=False, cmake_force_configure=False, ament_cmake_args=None, catkin_cmake_args=None, catkin_skip_building_tests=False, mixin_files=None, mixin=None, verb_parser=<colcon_mixin.mixin.mixin_argument.MixinArgumentDecorator object at 0x7f6121be1d20>, verb_extension=<colcon_core.verb.build.BuildVerb object at 0x7f6121ec2470>, main=<bound method BuildVerb.main of <colcon_core.verb.build.BuildVerb object at 0x7f6121ec2470>>, mixin_verb=('build',))
[0.246s] Level 1:colcon.colcon_core.package_discovery:discover_packages(colcon_meta) check parameters
[0.246s] Level 1:colcon.colcon_core.package_discovery:discover_packages(recursive) check parameters
[0.246s] Level 1:colcon.colcon_core.package_discovery:discover_packages(ignore) check parameters
[0.246s] Level 1:colcon.colcon_core.package_discovery:discover_packages(path) check parameters
[0.246s] Level 1:colcon.colcon_core.package_discovery:discover_packages(colcon_meta) discover
[0.246s] Level 1:colcon.colcon_core.package_discovery:discover_packages(recursive) discover
[0.247s] INFO:colcon.colcon_core.package_discovery:Crawling recursively for packages in '/home/kemo/ros2_ws'
[0.247s] Level 1:colcon.colcon_core.package_identification:_identify(.) by extensions ['ignore', 'ignore_ament_install']
[0.247s] Level 1:colcon.colcon_core.package_identification:_identify(.) by extension 'ignore'
[0.247s] Level 1:colcon.colcon_core.package_identification:_identify(.) by extension 'ignore_ament_install'
[0.247s] Level 1:colcon.colcon_core.package_identification:_identify(.) by extensions ['colcon_pkg']
[0.247s] Level 1:colcon.colcon_core.package_identification:_identify(.) by extension 'colcon_pkg'
[0.247s] Level 1:colcon.colcon_core.package_identification:_identify(.) by extensions ['colcon_meta']
[0.247s] Level 1:colcon.colcon_core.package_identification:_identify(.) by extension 'colcon_meta'
[0.247s] Level 1:colcon.colcon_core.package_identification:_identify(.) by extensions ['ros']
[0.247s] Level 1:colcon.colcon_core.package_identification:_identify(.) by extension 'ros'
[0.257s] Level 1:colcon.colcon_core.package_identification:_identify(.) by extensions ['cmake', 'python']
[0.257s] Level 1:colcon.colcon_core.package_identification:_identify(.) by extension 'cmake'
[0.257s] Level 1:colcon.colcon_core.package_identification:_identify(.) by extension 'python'
[0.257s] Level 1:colcon.colcon_core.package_identification:_identify(.) by extensions ['python_setup_py']
[0.257s] Level 1:colcon.colcon_core.package_identification:_identify(.) by extension 'python_setup_py'
[0.257s] Level 1:colcon.colcon_core.package_identification:_identify(build) by extensions ['ignore', 'ignore_ament_install']
[0.258s] Level 1:colcon.colcon_core.package_identification:_identify(build) by extension 'ignore'
[0.258s] Level 1:colcon.colcon_core.package_identification:_identify(build) ignored
[0.258s] Level 1:colcon.colcon_core.package_identification:_identify(install) by extensions ['ignore', 'ignore_ament_install']
[0.258s] Level 1:colcon.colcon_core.package_identification:_identify(install) by extension 'ignore'
[0.258s] Level 1:colcon.colcon_core.package_identification:_identify(install) ignored
[0.258s] Level 1:colcon.colcon_core.package_identification:_identify(log) by extensions ['ignore', 'ignore_ament_install']
[0.258s] Level 1:colcon.colcon_core.package_identification:_identify(log) by extension 'ignore'
[0.258s] Level 1:colcon.colcon_core.package_identification:_identify(log) ignored
[0.258s] Level 1:colcon.colcon_core.package_identification:_identify(src) by extensions ['ignore', 'ignore_ament_install']
[0.258s] Level 1:colcon.colcon_core.package_identification:_identify(src) by extension 'ignore'
[0.258s] Level 1:colcon.colcon_core.package_identification:_identify(src) by extension 'ignore_ament_install'
[0.258s] Level 1:colcon.colcon_core.package_identification:_identify(src) by extensions ['colcon_pkg']
[0.258s] Level 1:colcon.colcon_core.package_identification:_identify(src) by extension 'colcon_pkg'
[0.259s] Level 1:colcon.colcon_core.package_identification:_identify(src) by extensions ['colcon_meta']
[0.259s] Level 1:colcon.colcon_core.package_identification:_identify(src) by extension 'colcon_meta'
[0.259s] Level 1:colcon.colcon_core.package_identification:_identify(src) by extensions ['ros']
[0.259s] Level 1:colcon.colcon_core.package_identification:_identify(src) by extension 'ros'
[0.259s] Level 1:colcon.colcon_core.package_identification:_identify(src) by extensions ['cmake', 'python']
[0.259s] Level 1:colcon.colcon_core.package_identification:_identify(src) by extension 'cmake'
[0.259s] Level 1:colcon.colcon_core.package_identification:_identify(src) by extension 'python'
[0.259s] Level 1:colcon.colcon_core.package_identification:_identify(src) by extensions ['python_setup_py']
[0.259s] Level 1:colcon.colcon_core.package_identification:_identify(src) by extension 'python_setup_py'
[0.259s] Level 1:colcon.colcon_core.package_identification:_identify(src/a1) by extensions ['ignore', 'ignore_ament_install']
[0.259s] Level 1:colcon.colcon_core.package_identification:_identify(src/a1) by extension 'ignore'
[0.259s] Level 1:colcon.colcon_core.package_identification:_identify(src/a1) by extension 'ignore_ament_install'
[0.259s] Level 1:colcon.colcon_core.package_identification:_identify(src/a1) by extensions ['colcon_pkg']
[0.259s] Level 1:colcon.colcon_core.package_identification:_identify(src/a1) by extension 'colcon_pkg'
[0.259s] Level 1:colcon.colcon_core.package_identification:_identify(src/a1) by extensions ['colcon_meta']
[0.259s] Level 1:colcon.colcon_core.package_identification:_identify(src/a1) by extension 'colcon_meta'
[0.259s] Level 1:colcon.colcon_core.package_identification:_identify(src/a1) by extensions ['ros']
[0.259s] Level 1:colcon.colcon_core.package_identification:_identify(src/a1) by extension 'ros'
[0.263s] DEBUG:colcon.colcon_core.package_identification:Package 'src/a1' with type 'ros.ament_python' and name 'a1'
[0.263s] Level 1:colcon.colcon_core.package_identification:_identify(src/a2) by extensions ['ignore', 'ignore_ament_install']
[0.263s] Level 1:colcon.colcon_core.package_identification:_identify(src/a2) by extension 'ignore'
[0.263s] Level 1:colcon.colcon_core.package_identification:_identify(src/a2) by extension 'ignore_ament_install'
[0.263s] Level 1:colcon.colcon_core.package_identification:_identify(src/a2) by extensions ['colcon_pkg']
[0.263s] Level 1:colcon.colcon_core.package_identification:_identify(src/a2) by extension 'colcon_pkg'
[0.263s] Level 1:colcon.colcon_core.package_identification:_identify(src/a2) by extensions ['colcon_meta']
[0.263s] Level 1:colcon.colcon_core.package_identification:_identify(src/a2) by extension 'colcon_meta'
[0.263s] Level 1:colcon.colcon_core.package_identification:_identify(src/a2) by extensions ['ros']
[0.263s] Level 1:colcon.colcon_core.package_identification:_identify(src/a2) by extension 'ros'
[0.264s] DEBUG:colcon.colcon_core.package_identification:Package 'src/a2' with type 'ros.ament_python' and name 'a2'
[0.264s] Level 1:colcon.colcon_core.package_discovery:discover_packages(recursive) using defaults
[0.264s] Level 1:colcon.colcon_core.package_discovery:discover_packages(ignore) discover
[0.264s] Level 1:colcon.colcon_core.package_discovery:discover_packages(ignore) using defaults
[0.264s] Level 1:colcon.colcon_core.package_discovery:discover_packages(path) discover
[0.264s] Level 1:colcon.colcon_core.package_discovery:discover_packages(path) using defaults
[0.281s] Level 1:colcon.colcon_core.package_discovery:discover_packages(prefix_path) check parameters
[0.281s] Level 1:colcon.colcon_core.package_discovery:discover_packages(prefix_path) discover
[0.283s] DEBUG:colcon.colcon_installed_package_information.package_discovery:Found 270 installed packages in /opt/ros/humble
[0.284s] Level 1:colcon.colcon_core.package_discovery:discover_packages(prefix_path) using defaults
[0.324s] Level 5:colcon.colcon_core.verb:set package 'a1' build argument 'cmake_args' from command line to 'None'
[0.324s] Level 5:colcon.colcon_core.verb:set package 'a1' build argument 'cmake_target' from command line to 'None'
[0.324s] Level 5:colcon.colcon_core.verb:set package 'a1' build argument 'cmake_target_skip_unavailable' from command line to 'False'
[0.324s] Level 5:colcon.colcon_core.verb:set package 'a1' build argument 'cmake_clean_cache' from command line to 'False'
[0.324s] Level 5:colcon.colcon_core.verb:set package 'a1' build argument 'cmake_clean_first' from command line to 'False'
[0.324s] Level 5:colcon.colcon_core.verb:set package 'a1' build argument 'cmake_force_configure' from command line to 'False'
[0.324s] Level 5:colcon.colcon_core.verb:set package 'a1' build argument 'ament_cmake_args' from command line to 'None'
[0.324s] Level 5:colcon.colcon_core.verb:set package 'a1' build argument 'catkin_cmake_args' from command line to 'None'
[0.324s] Level 5:colcon.colcon_core.verb:set package 'a1' build argument 'catkin_skip_building_tests' from command line to 'False'
[0.324s] DEBUG:colcon.colcon_core.verb:Building package 'a1' with the following arguments: {'ament_cmake_args': None, 'build_base': '/home/kemo/ros2_ws/build/a1', 'catkin_cmake_args': None, 'catkin_skip_building_tests': False, 'cmake_args': None, 'cmake_clean_cache': False, 'cmake_clean_first': False, 'cmake_force_configure': False, 'cmake_target': None, 'cmake_target_skip_unavailable': False, 'install_base': '/home/kemo/ros2_ws/install/a1', 'merge_install': False, 'path': '/home/kemo/ros2_ws/src/a1', 'symlink_install': False, 'test_result_base': None}
[0.325s] Level 5:colcon.colcon_core.verb:set package 'a2' build argument 'cmake_args' from command line to 'None'
[0.325s] Level 5:colcon.colcon_core.verb:set package 'a2' build argument 'cmake_target' from command line to 'None'
[0.325s] Level 5:colcon.colcon_core.verb:set package 'a2' build argument 'cmake_target_skip_unavailable' from command line to 'False'
[0.325s] Level 5:colcon.colcon_core.verb:set package 'a2' build argument 'cmake_clean_cache' from command line to 'False'
[0.325s] Level 5:colcon.colcon_core.verb:set package 'a2' build argument 'cmake_clean_first' from command line to 'False'
[0.325s] Level 5:colcon.colcon_core.verb:set package 'a2' build argument 'cmake_force_configure' from command line to 'False'
[0.325s] Level 5:colcon.colcon_core.verb:set package 'a2' build argument 'ament_cmake_args' from command line to 'None'
[0.325s] Level 5:colcon.colcon_core.verb:set package 'a2' build argument 'catkin_cmake_args' from command line to 'None'
[0.325s] Level 5:colcon.colcon_core.verb:set package 'a2' build argument 'catkin_skip_building_tests' from command line to 'False'
[0.325s] DEBUG:colcon.colcon_core.verb:Building package 'a2' with the following arguments: {'ament_cmake_args': None, 'build_base': '/home/kemo/ros2_ws/build/a2', 'catkin_cmake_args': None, 'catkin_skip_building_tests': False, 'cmake_args': None, 'cmake_clean_cache': False, 'cmake_clean_first': False, 'cmake_force_configure': False, 'cmake_target': None, 'cmake_target_skip_unavailable': False, 'install_base': '/home/kemo/ros2_ws/install/a2', 'merge_install': False, 'path': '/home/kemo/ros2_ws/src/a2', 'symlink_install': False, 'test_result_base': None}
[0.325s] INFO:colcon.colcon_core.executor:Executing jobs using 'parallel' executor
[0.326s] DEBUG:colcon.colcon_parallel_executor.executor.parallel:run_until_complete
[0.326s] INFO:colcon.colcon_ros.task.ament_python.build:Building ROS package in '/home/kemo/ros2_ws/src/a1' with build type 'ament_python'
[0.326s] Level 1:colcon.colcon_core.shell:create_environment_hook('a1', 'ament_prefix_path')
[0.328s] INFO:colcon.colcon_core.plugin_system:Skipping extension 'colcon_core.shell.bat': Not used on non-Windows systems
[0.328s] INFO:colcon.colcon_core.shell:Creating environment hook '/home/kemo/ros2_ws/install/a1/share/a1/hook/ament_prefix_path.ps1'
[0.329s] INFO:colcon.colcon_core.shell:Creating environment descriptor '/home/kemo/ros2_ws/install/a1/share/a1/hook/ament_prefix_path.dsv'
[0.329s] INFO:colcon.colcon_core.shell:Creating environment hook '/home/kemo/ros2_ws/install/a1/share/a1/hook/ament_prefix_path.sh'
[0.329s] INFO:colcon.colcon_core.shell:Skip shell extension 'powershell' for command environment: Not usable outside of PowerShell
[0.330s] DEBUG:colcon.colcon_core.shell:Skip shell extension 'dsv' for command environment
[0.332s] INFO:colcon.colcon_ros.task.ament_python.build:Building ROS package in '/home/kemo/ros2_ws/src/a2' with build type 'ament_python'
[0.332s] Level 1:colcon.colcon_core.shell:create_environment_hook('a2', 'ament_prefix_path')
[0.332s] INFO:colcon.colcon_core.shell:Creating environment hook '/home/kemo/ros2_ws/install/a2/share/a2/hook/ament_prefix_path.ps1'
[0.333s] INFO:colcon.colcon_core.shell:Creating environment descriptor '/home/kemo/ros2_ws/install/a2/share/a2/hook/ament_prefix_path.dsv'
[0.333s] INFO:colcon.colcon_core.shell:Creating environment hook '/home/kemo/ros2_ws/install/a2/share/a2/hook/ament_prefix_path.sh'
[0.333s] INFO:colcon.colcon_core.shell:Skip shell extension 'powershell' for command environment: Not usable outside of PowerShell
[0.333s] DEBUG:colcon.colcon_core.shell:Skip shell extension 'dsv' for command environment
[0.549s] INFO:colcon.colcon_core.task.python.build:Building Python package in '/home/kemo/ros2_ws/src/a1'
[0.550s] INFO:colcon.colcon_core.shell:Skip shell extension 'powershell' for command environment: Not usable outside of PowerShell
[0.550s] DEBUG:colcon.colcon_core.shell:Skip shell extension 'dsv' for command environment
[0.770s] INFO:colcon.colcon_core.task.python.build:Building Python package in '/home/kemo/ros2_ws/src/a2'
[0.771s] INFO:colcon.colcon_core.shell:Skip shell extension 'powershell' for command environment: Not usable outside of PowerShell
[0.771s] DEBUG:colcon.colcon_core.shell:Skip shell extension 'dsv' for command environment
[1.097s] DEBUG:colcon.colcon_core.event_handler.log_command:Invoking command in '/home/kemo/ros2_ws/src/a2': PYTHONPATH=/home/kemo/ros2_ws/build/a2/prefix_override:/usr/lib/python3/dist-packages/colcon_core/task/python/colcon_distutils_commands:/home/kemo/ros2_ws/install/a2/lib/python3.10/site-packages:${PYTHONPATH} /usr/bin/python3 -W ignore:setup.py install is deprecated setup.py egg_info --egg-base ../../build/a2 build --build-base /home/kemo/ros2_ws/build/a2/build install --record /home/kemo/ros2_ws/build/a2/install.log --single-version-externally-managed install_data
[1.099s] DEBUG:colcon.colcon_core.event_handler.log_command:Invoking command in '/home/kemo/ros2_ws/src/a1': PYTHONPATH=/home/kemo/ros2_ws/build/a1/prefix_override:/usr/lib/python3/dist-packages/colcon_core/task/python/colcon_distutils_commands:/home/kemo/ros2_ws/install/a1/lib/python3.10/site-packages:${PYTHONPATH} /usr/bin/python3 -W ignore:setup.py install is deprecated setup.py egg_info --egg-base ../../build/a1 build --build-base /home/kemo/ros2_ws/build/a1/build install --record /home/kemo/ros2_ws/build/a1/install.log --single-version-externally-managed install_data
[1.365s] DEBUG:colcon.colcon_core.event_handler.log_command:Invoked command in '/home/kemo/ros2_ws/src/a2' returned '0': PYTHONPATH=/home/kemo/ros2_ws/build/a2/prefix_override:/usr/lib/python3/dist-packages/colcon_core/task/python/colcon_distutils_commands:/home/kemo/ros2_ws/install/a2/lib/python3.10/site-packages:${PYTHONPATH} /usr/bin/python3 -W ignore:setup.py install is deprecated setup.py egg_info --egg-base ../../build/a2 build --build-base /home/kemo/ros2_ws/build/a2/build install --record /home/kemo/ros2_ws/build/a2/install.log --single-version-externally-managed install_data
[1.367s] Level 1:colcon.colcon_core.environment:checking '/home/kemo/ros2_ws/install/a2' for CMake module files
[1.367s] Level 1:colcon.colcon_core.environment:checking '/home/kemo/ros2_ws/install/a2' for CMake config files
[1.368s] Level 1:colcon.colcon_core.environment:checking '/home/kemo/ros2_ws/install/a2/lib'
[1.368s] Level 1:colcon.colcon_core.environment:checking '/home/kemo/ros2_ws/install/a2/bin'
[1.368s] Level 1:colcon.colcon_core.environment:checking '/home/kemo/ros2_ws/install/a2/lib/pkgconfig/a2.pc'
[1.368s] Level 1:colcon.colcon_core.environment:checking '/home/kemo/ros2_ws/install/a2/lib/python3.10/site-packages'
[1.368s] Level 1:colcon.colcon_core.shell:create_environment_hook('a2', 'pythonpath')
[1.368s] INFO:colcon.colcon_core.shell:Creating environment hook '/home/kemo/ros2_ws/install/a2/share/a2/hook/pythonpath.ps1'
[1.369s] INFO:colcon.colcon_core.shell:Creating environment descriptor '/home/kemo/ros2_ws/install/a2/share/a2/hook/pythonpath.dsv'
[1.369s] INFO:colcon.colcon_core.shell:Creating environment hook '/home/kemo/ros2_ws/install/a2/share/a2/hook/pythonpath.sh'
[1.369s] Level 1:colcon.colcon_core.environment:checking '/home/kemo/ros2_ws/install/a2/bin'
[1.369s] Level 1:colcon.colcon_core.environment:create_environment_scripts_only(a2)
[1.370s] INFO:colcon.colcon_core.shell:Creating package script '/home/kemo/ros2_ws/install/a2/share/a2/package.ps1'
[1.370s] INFO:colcon.colcon_core.shell:Creating package descriptor '/home/kemo/ros2_ws/install/a2/share/a2/package.dsv'
[1.371s] INFO:colcon.colcon_core.shell:Creating package script '/home/kemo/ros2_ws/install/a2/share/a2/package.sh'
[1.371s] INFO:colcon.colcon_core.shell:Creating package script '/home/kemo/ros2_ws/install/a2/share/a2/package.bash'
[1.372s] INFO:colcon.colcon_core.shell:Creating package script '/home/kemo/ros2_ws/install/a2/share/a2/package.zsh'
[1.372s] Level 1:colcon.colcon_core.environment:create_file_with_runtime_dependencies(/home/kemo/ros2_ws/install/a2/share/colcon-core/packages/a2)
[1.373s] Level 1:colcon.colcon_core.environment:checking '/home/kemo/ros2_ws/install/a1' for CMake module files
[1.374s] DEBUG:colcon.colcon_core.event_handler.log_command:Invoked command in '/home/kemo/ros2_ws/src/a1' returned '0': PYTHONPATH=/home/kemo/ros2_ws/build/a1/prefix_override:/usr/lib/python3/dist-packages/colcon_core/task/python/colcon_distutils_commands:/home/kemo/ros2_ws/install/a1/lib/python3.10/site-packages:${PYTHONPATH} /usr/bin/python3 -W ignore:setup.py install is deprecated setup.py egg_info --egg-base ../../build/a1 build --build-base /home/kemo/ros2_ws/build/a1/build install --record /home/kemo/ros2_ws/build/a1/install.log --single-version-externally-managed install_data
[1.374s] Level 1:colcon.colcon_core.environment:checking '/home/kemo/ros2_ws/install/a1' for CMake config files
[1.375s] Level 1:colcon.colcon_core.environment:checking '/home/kemo/ros2_ws/install/a1/lib'
[1.375s] Level 1:colcon.colcon_core.environment:checking '/home/kemo/ros2_ws/install/a1/bin'
[1.375s] Level 1:colcon.colcon_core.environment:checking '/home/kemo/ros2_ws/install/a1/lib/pkgconfig/a1.pc'
[1.375s] Level 1:colcon.colcon_core.environment:checking '/home/kemo/ros2_ws/install/a1/lib/python3.10/site-packages'
[1.375s] Level 1:colcon.colcon_core.shell:create_environment_hook('a1', 'pythonpath')
[1.375s] INFO:colcon.colcon_core.shell:Creating environment hook '/home/kemo/ros2_ws/install/a1/share/a1/hook/pythonpath.ps1'
[1.375s] INFO:colcon.colcon_core.shell:Creating environment descriptor '/home/kemo/ros2_ws/install/a1/share/a1/hook/pythonpath.dsv'
[1.376s] INFO:colcon.colcon_core.shell:Creating environment hook '/home/kemo/ros2_ws/install/a1/share/a1/hook/pythonpath.sh'
[1.376s] Level 1:colcon.colcon_core.environment:checking '/home/kemo/ros2_ws/install/a1/bin'
[1.376s] Level 1:colcon.colcon_core.environment:create_environment_scripts_only(a1)
[1.376s] INFO:colcon.colcon_core.shell:Creating package script '/home/kemo/ros2_ws/install/a1/share/a1/package.ps1'
[1.377s] INFO:colcon.colcon_core.shell:Creating package descriptor '/home/kemo/ros2_ws/install/a1/share/a1/package.dsv'
[1.377s] INFO:colcon.colcon_core.shell:Creating package script '/home/kemo/ros2_ws/install/a1/share/a1/package.sh'
[1.377s] INFO:colcon.colcon_core.shell:Creating package script '/home/kemo/ros2_ws/install/a1/share/a1/package.bash'
[1.378s] INFO:colcon.colcon_core.shell:Creating package script '/home/kemo/ros2_ws/install/a1/share/a1/package.zsh'
[1.378s] Level 1:colcon.colcon_core.environment:create_file_with_runtime_dependencies(/home/kemo/ros2_ws/install/a1/share/colcon-core/packages/a1)
[1.378s] DEBUG:colcon.colcon_parallel_executor.executor.parallel:closing loop
[1.378s] DEBUG:colcon.colcon_parallel_executor.executor.parallel:loop closed
[1.378s] DEBUG:colcon.colcon_parallel_executor.executor.parallel:run_until_complete finished with '0'
[1.378s] DEBUG:colcon.colcon_core.event_reactor:joining thread
[1.383s] INFO:colcon.colcon_core.plugin_system:Skipping extension 'colcon_notification.desktop_notification.terminal_notifier': Not used on non-Darwin systems
[1.383s] INFO:colcon.colcon_core.plugin_system:Skipping extension 'colcon_notification.desktop_notification.win32': Not used on non-Windows systems
[1.383s] INFO:colcon.colcon_notification.desktop_notification:Sending desktop notification using 'notify2'
[1.393s] DEBUG:colcon.colcon_core.event_reactor:joined thread
[1.393s] INFO:colcon.colcon_core.shell:Creating prefix script '/home/kemo/ros2_ws/install/local_setup.ps1'
[1.394s] INFO:colcon.colcon_core.shell:Creating prefix util module '/home/kemo/ros2_ws/install/_local_setup_util_ps1.py'
[1.396s] INFO:colcon.colcon_core.shell:Creating prefix chain script '/home/kemo/ros2_ws/install/setup.ps1'
[1.396s] INFO:colcon.colcon_core.shell:Creating prefix script '/home/kemo/ros2_ws/install/local_setup.sh'
[1.397s] INFO:colcon.colcon_core.shell:Creating prefix util module '/home/kemo/ros2_ws/install/_local_setup_util_sh.py'
[1.397s] INFO:colcon.colcon_core.shell:Creating prefix chain script '/home/kemo/ros2_ws/install/setup.sh'
[1.398s] INFO:colcon.colcon_core.shell:Creating prefix script '/home/kemo/ros2_ws/install/local_setup.bash'
[1.398s] INFO:colcon.colcon_core.shell:Creating prefix chain script '/home/kemo/ros2_ws/install/setup.bash'
[1.399s] INFO:colcon.colcon_core.shell:Creating prefix script '/home/kemo/ros2_ws/install/local_setup.zsh'
[1.399s] INFO:colcon.colcon_core.shell:Creating prefix chain script '/home/kemo/ros2_ws/install/setup.zsh'
