[0.773s] Invoking command in '/home/kemo/ros2_ws/src/a1': PYTHONPATH=/home/kemo/ros2_ws/build/a1/prefix_override:/usr/lib/python3/dist-packages/colcon_core/task/python/colcon_distutils_commands:/home/kemo/ros2_ws/install/a1/lib/python3.10/site-packages:${PYTHONPATH} /usr/bin/python3 -W ignore:setup.py install is deprecated setup.py egg_info --egg-base ../../build/a1 build --build-base /home/kemo/ros2_ws/build/a1/build install --record /home/kemo/ros2_ws/build/a1/install.log --single-version-externally-managed install_data
[0.991s] running egg_info
[0.992s] writing ../../build/a1/a1.egg-info/PKG-INFO
[0.992s] writing dependency_links to ../../build/a1/a1.egg-info/dependency_links.txt
[0.993s] writing entry points to ../../build/a1/a1.egg-info/entry_points.txt
[0.993s] writing requirements to ../../build/a1/a1.egg-info/requires.txt
[0.993s] writing top-level names to ../../build/a1/a1.egg-info/top_level.txt
[0.994s] reading manifest file '../../build/a1/a1.egg-info/SOURCES.txt'
[0.995s] writing manifest file '../../build/a1/a1.egg-info/SOURCES.txt'
[0.995s] running build
[0.995s] running build_py
[0.995s] running install
[0.995s] running install_lib
[0.997s] running install_data
[0.997s] running install_egg_info
[0.998s] removing '/home/kemo/ros2_ws/install/a1/lib/python3.10/site-packages/a1-0.0.0-py3.10.egg-info' (and everything under it)
[0.998s] Copying ../../build/a1/a1.egg-info to /home/kemo/ros2_ws/install/a1/lib/python3.10/site-packages/a1-0.0.0-py3.10.egg-info
[0.999s] running install_scripts
[1.019s] Installing listener script to /home/kemo/ros2_ws/install/a1/lib/a1
[1.019s] Installing talker script to /home/kemo/ros2_ws/install/a1/lib/a1
[1.019s] writing list of installed files to '/home/kemo/ros2_ws/build/a1/install.log'
[1.048s] Invoked command in '/home/kemo/ros2_ws/src/a1' returned '0': PYTHONPATH=/home/kemo/ros2_ws/build/a1/prefix_override:/usr/lib/python3/dist-packages/colcon_core/task/python/colcon_distutils_commands:/home/kemo/ros2_ws/install/a1/lib/python3.10/site-packages:${PYTHONPATH} /usr/bin/python3 -W ignore:setup.py install is deprecated setup.py egg_info --egg-base ../../build/a1 build --build-base /home/kemo/ros2_ws/build/a1/build install --record /home/kemo/ros2_ws/build/a1/install.log --single-version-externally-managed install_data
