[0.098s] DEBUG:colcon:Command line arguments: ['/usr/bin/colcon', 'build']
[0.098s] DEBUG:colcon:Parsed command line arguments: Namespace(log_base=None, log_level=None, verb_name='build', build_base='build', install_base='install', merge_install=False, symlink_install=False, test_result_base=None, continue_on_error=False, executor='parallel', parallel_workers=12, event_handlers=None, ignore_user_meta=False, metas=['./colcon.meta'], base_paths=['.'], packages_ignore=None, packages_ignore_regex=None, paths=None, packages_up_to=None, packages_up_to_regex=None, packages_above=None, packages_above_and_dependencies=None, packages_above_depth=None, packages_select_by_dep=None, packages_skip_by_dep=None, packages_skip_up_to=None, packages_select_build_failed=False, packages_skip_build_finished=False, packages_select_test_failures=False, packages_skip_test_passed=False, packages_select=None, packages_skip=None, packages_select_regex=None, packages_skip_regex=None, packages_start=None, packages_end=None, allow_overriding=[], cmake_args=None, cmake_target=None, cmake_target_skip_unavailable=False, cmake_clean_cache=False, cmake_clean_first=False, cmake_force_configure=False, ament_cmake_args=None, catkin_cmake_args=None, catkin_skip_building_tests=False, mixin_files=None, mixin=None, verb_parser=<colcon_mixin.mixin.mixin_argument.MixinArgumentDecorator object at 0x7c0d2e83e590>, verb_extension=<colcon_core.verb.build.BuildVerb object at 0x7c0d2e94ec50>, main=<bound method BuildVerb.main of <colcon_core.verb.build.BuildVerb object at 0x7c0d2e94ec50>>, mixin_verb=('build',))
[0.243s] Level 1:colcon.colcon_core.package_discovery:discover_packages(colcon_meta) check parameters
[0.243s] Level 1:colcon.colcon_core.package_discovery:discover_packages(recursive) check parameters
[0.243s] Level 1:colcon.colcon_core.package_discovery:discover_packages(ignore) check parameters
[0.243s] Level 1:colcon.colcon_core.package_discovery:discover_packages(path) check parameters
[0.243s] Level 1:colcon.colcon_core.package_discovery:discover_packages(colcon_meta) discover
[0.243s] Level 1:colcon.colcon_core.package_discovery:discover_packages(recursive) discover
[0.244s] INFO:colcon.colcon_core.package_discovery:Crawling recursively for packages in '/home/kemo/ros2_ws'
[0.244s] Level 1:colcon.colcon_core.package_identification:_identify(.) by extensions ['ignore', 'ignore_ament_install']
[0.244s] Level 1:colcon.colcon_core.package_identification:_identify(.) by extension 'ignore'
[0.244s] Level 1:colcon.colcon_core.package_identification:_identify(.) by extension 'ignore_ament_install'
[0.244s] Level 1:colcon.colcon_core.package_identification:_identify(.) by extensions ['colcon_pkg']
[0.244s] Level 1:colcon.colcon_core.package_identification:_identify(.) by extension 'colcon_pkg'
[0.244s] Level 1:colcon.colcon_core.package_identification:_identify(.) by extensions ['colcon_meta']
[0.244s] Level 1:colcon.colcon_core.package_identification:_identify(.) by extension 'colcon_meta'
[0.244s] Level 1:colcon.colcon_core.package_identification:_identify(.) by extensions ['ros']
[0.244s] Level 1:colcon.colcon_core.package_identification:_identify(.) by extension 'ros'
[0.253s] Level 1:colcon.colcon_core.package_identification:_identify(.) by extensions ['cmake', 'python']
[0.253s] Level 1:colcon.colcon_core.package_identification:_identify(.) by extension 'cmake'
[0.253s] Level 1:colcon.colcon_core.package_identification:_identify(.) by extension 'python'
[0.253s] Level 1:colcon.colcon_core.package_identification:_identify(.) by extensions ['python_setup_py']
[0.254s] Level 1:colcon.colcon_core.package_identification:_identify(.) by extension 'python_setup_py'
[0.254s] Level 1:colcon.colcon_core.package_identification:_identify(build) by extensions ['ignore', 'ignore_ament_install']
[0.254s] Level 1:colcon.colcon_core.package_identification:_identify(build) by extension 'ignore'
[0.254s] Level 1:colcon.colcon_core.package_identification:_identify(build) ignored
[0.254s] Level 1:colcon.colcon_core.package_identification:_identify(install) by extensions ['ignore', 'ignore_ament_install']
[0.254s] Level 1:colcon.colcon_core.package_identification:_identify(install) by extension 'ignore'
[0.254s] Level 1:colcon.colcon_core.package_identification:_identify(install) ignored
[0.254s] Level 1:colcon.colcon_core.package_identification:_identify(log) by extensions ['ignore', 'ignore_ament_install']
[0.254s] Level 1:colcon.colcon_core.package_identification:_identify(log) by extension 'ignore'
[0.254s] Level 1:colcon.colcon_core.package_identification:_identify(log) ignored
[0.254s] Level 1:colcon.colcon_core.package_identification:_identify(src) by extensions ['ignore', 'ignore_ament_install']
[0.254s] Level 1:colcon.colcon_core.package_identification:_identify(src) by extension 'ignore'
[0.254s] Level 1:colcon.colcon_core.package_identification:_identify(src) by extension 'ignore_ament_install'
[0.254s] Level 1:colcon.colcon_core.package_identification:_identify(src) by extensions ['colcon_pkg']
[0.254s] Level 1:colcon.colcon_core.package_identification:_identify(src) by extension 'colcon_pkg'
[0.254s] Level 1:colcon.colcon_core.package_identification:_identify(src) by extensions ['colcon_meta']
[0.254s] Level 1:colcon.colcon_core.package_identification:_identify(src) by extension 'colcon_meta'
[0.255s] Level 1:colcon.colcon_core.package_identification:_identify(src) by extensions ['ros']
[0.255s] Level 1:colcon.colcon_core.package_identification:_identify(src) by extension 'ros'
[0.255s] Level 1:colcon.colcon_core.package_identification:_identify(src) by extensions ['cmake', 'python']
[0.255s] Level 1:colcon.colcon_core.package_identification:_identify(src) by extension 'cmake'
[0.255s] Level 1:colcon.colcon_core.package_identification:_identify(src) by extension 'python'
[0.255s] Level 1:colcon.colcon_core.package_identification:_identify(src) by extensions ['python_setup_py']
[0.255s] Level 1:colcon.colcon_core.package_identification:_identify(src) by extension 'python_setup_py'
[0.255s] Level 1:colcon.colcon_core.package_identification:_identify(src/a1) by extensions ['ignore', 'ignore_ament_install']
[0.255s] Level 1:colcon.colcon_core.package_identification:_identify(src/a1) by extension 'ignore'
[0.255s] Level 1:colcon.colcon_core.package_identification:_identify(src/a1) by extension 'ignore_ament_install'
[0.255s] Level 1:colcon.colcon_core.package_identification:_identify(src/a1) by extensions ['colcon_pkg']
[0.255s] Level 1:colcon.colcon_core.package_identification:_identify(src/a1) by extension 'colcon_pkg'
[0.255s] Level 1:colcon.colcon_core.package_identification:_identify(src/a1) by extensions ['colcon_meta']
[0.255s] Level 1:colcon.colcon_core.package_identification:_identify(src/a1) by extension 'colcon_meta'
[0.255s] Level 1:colcon.colcon_core.package_identification:_identify(src/a1) by extensions ['ros']
[0.255s] Level 1:colcon.colcon_core.package_identification:_identify(src/a1) by extension 'ros'
[0.257s] DEBUG:colcon.colcon_core.package_identification:Package 'src/a1' with type 'ros.ament_python' and name 'a1'
[0.257s] Level 1:colcon.colcon_core.package_identification:_identify(src/a2) by extensions ['ignore', 'ignore_ament_install']
[0.257s] Level 1:colcon.colcon_core.package_identification:_identify(src/a2) by extension 'ignore'
[0.257s] Level 1:colcon.colcon_core.package_identification:_identify(src/a2) by extension 'ignore_ament_install'
[0.257s] Level 1:colcon.colcon_core.package_identification:_identify(src/a2) by extensions ['colcon_pkg']
[0.257s] Level 1:colcon.colcon_core.package_identification:_identify(src/a2) by extension 'colcon_pkg'
[0.257s] Level 1:colcon.colcon_core.package_identification:_identify(src/a2) by extensions ['colcon_meta']
[0.257s] Level 1:colcon.colcon_core.package_identification:_identify(src/a2) by extension 'colcon_meta'
[0.257s] Level 1:colcon.colcon_core.package_identification:_identify(src/a2) by extensions ['ros']
[0.258s] Level 1:colcon.colcon_core.package_identification:_identify(src/a2) by extension 'ros'
[0.258s] DEBUG:colcon.colcon_core.package_identification:Package 'src/a2' with type 'ros.ament_python' and name 'a2'
[0.258s] Level 1:colcon.colcon_core.package_identification:_identify(src/turtlebot3_simulations) by extensions ['ignore', 'ignore_ament_install']
[0.258s] Level 1:colcon.colcon_core.package_identification:_identify(src/turtlebot3_simulations) by extension 'ignore'
[0.258s] Level 1:colcon.colcon_core.package_identification:_identify(src/turtlebot3_simulations) by extension 'ignore_ament_install'
[0.258s] Level 1:colcon.colcon_core.package_identification:_identify(src/turtlebot3_simulations) by extensions ['colcon_pkg']
[0.258s] Level 1:colcon.colcon_core.package_identification:_identify(src/turtlebot3_simulations) by extension 'colcon_pkg'
[0.258s] Level 1:colcon.colcon_core.package_identification:_identify(src/turtlebot3_simulations) by extensions ['colcon_meta']
[0.258s] Level 1:colcon.colcon_core.package_identification:_identify(src/turtlebot3_simulations) by extension 'colcon_meta'
[0.258s] Level 1:colcon.colcon_core.package_identification:_identify(src/turtlebot3_simulations) by extensions ['ros']
[0.258s] Level 1:colcon.colcon_core.package_identification:_identify(src/turtlebot3_simulations) by extension 'ros'
[0.258s] Level 1:colcon.colcon_core.package_identification:_identify(src/turtlebot3_simulations) by extensions ['cmake', 'python']
[0.258s] Level 1:colcon.colcon_core.package_identification:_identify(src/turtlebot3_simulations) by extension 'cmake'
[0.259s] Level 1:colcon.colcon_core.package_identification:_identify(src/turtlebot3_simulations) by extension 'python'
[0.259s] Level 1:colcon.colcon_core.package_identification:_identify(src/turtlebot3_simulations) by extensions ['python_setup_py']
[0.259s] Level 1:colcon.colcon_core.package_identification:_identify(src/turtlebot3_simulations) by extension 'python_setup_py'
[0.259s] Level 1:colcon.colcon_core.package_identification:_identify(src/turtlebot3_simulations/turtlebot3_fake_node) by extensions ['ignore', 'ignore_ament_install']
[0.259s] Level 1:colcon.colcon_core.package_identification:_identify(src/turtlebot3_simulations/turtlebot3_fake_node) by extension 'ignore'
[0.259s] Level 1:colcon.colcon_core.package_identification:_identify(src/turtlebot3_simulations/turtlebot3_fake_node) by extension 'ignore_ament_install'
[0.259s] Level 1:colcon.colcon_core.package_identification:_identify(src/turtlebot3_simulations/turtlebot3_fake_node) by extensions ['colcon_pkg']
[0.259s] Level 1:colcon.colcon_core.package_identification:_identify(src/turtlebot3_simulations/turtlebot3_fake_node) by extension 'colcon_pkg'
[0.259s] Level 1:colcon.colcon_core.package_identification:_identify(src/turtlebot3_simulations/turtlebot3_fake_node) by extensions ['colcon_meta']
[0.259s] Level 1:colcon.colcon_core.package_identification:_identify(src/turtlebot3_simulations/turtlebot3_fake_node) by extension 'colcon_meta'
[0.259s] Level 1:colcon.colcon_core.package_identification:_identify(src/turtlebot3_simulations/turtlebot3_fake_node) by extensions ['ros']
[0.259s] Level 1:colcon.colcon_core.package_identification:_identify(src/turtlebot3_simulations/turtlebot3_fake_node) by extension 'ros'
[0.260s] DEBUG:colcon.colcon_core.package_identification:Package 'src/turtlebot3_simulations/turtlebot3_fake_node' with type 'ros.ament_cmake' and name 'turtlebot3_fake_node'
[0.260s] Level 1:colcon.colcon_core.package_identification:_identify(src/turtlebot3_simulations/turtlebot3_gazebo) by extensions ['ignore', 'ignore_ament_install']
[0.260s] Level 1:colcon.colcon_core.package_identification:_identify(src/turtlebot3_simulations/turtlebot3_gazebo) by extension 'ignore'
[0.260s] Level 1:colcon.colcon_core.package_identification:_identify(src/turtlebot3_simulations/turtlebot3_gazebo) by extension 'ignore_ament_install'
[0.260s] Level 1:colcon.colcon_core.package_identification:_identify(src/turtlebot3_simulations/turtlebot3_gazebo) by extensions ['colcon_pkg']
[0.260s] Level 1:colcon.colcon_core.package_identification:_identify(src/turtlebot3_simulations/turtlebot3_gazebo) by extension 'colcon_pkg'
[0.260s] Level 1:colcon.colcon_core.package_identification:_identify(src/turtlebot3_simulations/turtlebot3_gazebo) by extensions ['colcon_meta']
[0.260s] Level 1:colcon.colcon_core.package_identification:_identify(src/turtlebot3_simulations/turtlebot3_gazebo) by extension 'colcon_meta'
[0.260s] Level 1:colcon.colcon_core.package_identification:_identify(src/turtlebot3_simulations/turtlebot3_gazebo) by extensions ['ros']
[0.260s] Level 1:colcon.colcon_core.package_identification:_identify(src/turtlebot3_simulations/turtlebot3_gazebo) by extension 'ros'
[0.261s] DEBUG:colcon.colcon_core.package_identification:Package 'src/turtlebot3_simulations/turtlebot3_gazebo' with type 'ros.ament_cmake' and name 'turtlebot3_gazebo'
[0.261s] Level 1:colcon.colcon_core.package_identification:_identify(src/turtlebot3_simulations/turtlebot3_simulations) by extensions ['ignore', 'ignore_ament_install']
[0.261s] Level 1:colcon.colcon_core.package_identification:_identify(src/turtlebot3_simulations/turtlebot3_simulations) by extension 'ignore'
[0.261s] Level 1:colcon.colcon_core.package_identification:_identify(src/turtlebot3_simulations/turtlebot3_simulations) by extension 'ignore_ament_install'
[0.261s] Level 1:colcon.colcon_core.package_identification:_identify(src/turtlebot3_simulations/turtlebot3_simulations) by extensions ['colcon_pkg']
[0.261s] Level 1:colcon.colcon_core.package_identification:_identify(src/turtlebot3_simulations/turtlebot3_simulations) by extension 'colcon_pkg'
[0.262s] Level 1:colcon.colcon_core.package_identification:_identify(src/turtlebot3_simulations/turtlebot3_simulations) by extensions ['colcon_meta']
[0.262s] Level 1:colcon.colcon_core.package_identification:_identify(src/turtlebot3_simulations/turtlebot3_simulations) by extension 'colcon_meta'
[0.262s] Level 1:colcon.colcon_core.package_identification:_identify(src/turtlebot3_simulations/turtlebot3_simulations) by extensions ['ros']
[0.262s] Level 1:colcon.colcon_core.package_identification:_identify(src/turtlebot3_simulations/turtlebot3_simulations) by extension 'ros'
[0.262s] DEBUG:colcon.colcon_core.package_identification:Package 'src/turtlebot3_simulations/turtlebot3_simulations' with type 'ros.ament_cmake' and name 'turtlebot3_simulations'
[0.262s] Level 1:colcon.colcon_core.package_discovery:discover_packages(recursive) using defaults
[0.262s] Level 1:colcon.colcon_core.package_discovery:discover_packages(ignore) discover
[0.262s] Level 1:colcon.colcon_core.package_discovery:discover_packages(ignore) using defaults
[0.262s] Level 1:colcon.colcon_core.package_discovery:discover_packages(path) discover
[0.262s] Level 1:colcon.colcon_core.package_discovery:discover_packages(path) using defaults
[0.280s] Level 1:colcon.colcon_core.package_discovery:discover_packages(prefix_path) check parameters
[0.280s] Level 1:colcon.colcon_core.package_discovery:discover_packages(prefix_path) discover
[0.283s] DEBUG:colcon.colcon_installed_package_information.package_discovery:Found 316 installed packages in /opt/ros/humble
[0.291s] Level 1:colcon.colcon_core.package_discovery:discover_packages(prefix_path) using defaults
[0.327s] Level 5:colcon.colcon_core.verb:set package 'a1' build argument 'cmake_args' from command line to 'None'
[0.327s] Level 5:colcon.colcon_core.verb:set package 'a1' build argument 'cmake_target' from command line to 'None'
[0.327s] Level 5:colcon.colcon_core.verb:set package 'a1' build argument 'cmake_target_skip_unavailable' from command line to 'False'
[0.327s] Level 5:colcon.colcon_core.verb:set package 'a1' build argument 'cmake_clean_cache' from command line to 'False'
[0.327s] Level 5:colcon.colcon_core.verb:set package 'a1' build argument 'cmake_clean_first' from command line to 'False'
[0.327s] Level 5:colcon.colcon_core.verb:set package 'a1' build argument 'cmake_force_configure' from command line to 'False'
[0.327s] Level 5:colcon.colcon_core.verb:set package 'a1' build argument 'ament_cmake_args' from command line to 'None'
[0.327s] Level 5:colcon.colcon_core.verb:set package 'a1' build argument 'catkin_cmake_args' from command line to 'None'
[0.327s] Level 5:colcon.colcon_core.verb:set package 'a1' build argument 'catkin_skip_building_tests' from command line to 'False'
[0.327s] DEBUG:colcon.colcon_core.verb:Building package 'a1' with the following arguments: {'ament_cmake_args': None, 'build_base': '/home/kemo/ros2_ws/build/a1', 'catkin_cmake_args': None, 'catkin_skip_building_tests': False, 'cmake_args': None, 'cmake_clean_cache': False, 'cmake_clean_first': False, 'cmake_force_configure': False, 'cmake_target': None, 'cmake_target_skip_unavailable': False, 'install_base': '/home/kemo/ros2_ws/install/a1', 'merge_install': False, 'path': '/home/kemo/ros2_ws/src/a1', 'symlink_install': False, 'test_result_base': None}
[0.327s] Level 5:colcon.colcon_core.verb:set package 'a2' build argument 'cmake_args' from command line to 'None'
[0.327s] Level 5:colcon.colcon_core.verb:set package 'a2' build argument 'cmake_target' from command line to 'None'
[0.327s] Level 5:colcon.colcon_core.verb:set package 'a2' build argument 'cmake_target_skip_unavailable' from command line to 'False'
[0.327s] Level 5:colcon.colcon_core.verb:set package 'a2' build argument 'cmake_clean_cache' from command line to 'False'
[0.327s] Level 5:colcon.colcon_core.verb:set package 'a2' build argument 'cmake_clean_first' from command line to 'False'
[0.327s] Level 5:colcon.colcon_core.verb:set package 'a2' build argument 'cmake_force_configure' from command line to 'False'
[0.327s] Level 5:colcon.colcon_core.verb:set package 'a2' build argument 'ament_cmake_args' from command line to 'None'
[0.327s] Level 5:colcon.colcon_core.verb:set package 'a2' build argument 'catkin_cmake_args' from command line to 'None'
[0.327s] Level 5:colcon.colcon_core.verb:set package 'a2' build argument 'catkin_skip_building_tests' from command line to 'False'
[0.327s] DEBUG:colcon.colcon_core.verb:Building package 'a2' with the following arguments: {'ament_cmake_args': None, 'build_base': '/home/kemo/ros2_ws/build/a2', 'catkin_cmake_args': None, 'catkin_skip_building_tests': False, 'cmake_args': None, 'cmake_clean_cache': False, 'cmake_clean_first': False, 'cmake_force_configure': False, 'cmake_target': None, 'cmake_target_skip_unavailable': False, 'install_base': '/home/kemo/ros2_ws/install/a2', 'merge_install': False, 'path': '/home/kemo/ros2_ws/src/a2', 'symlink_install': False, 'test_result_base': None}
[0.328s] Level 5:colcon.colcon_core.verb:set package 'turtlebot3_fake_node' build argument 'cmake_args' from command line to 'None'
[0.328s] Level 5:colcon.colcon_core.verb:set package 'turtlebot3_fake_node' build argument 'cmake_target' from command line to 'None'
[0.328s] Level 5:colcon.colcon_core.verb:set package 'turtlebot3_fake_node' build argument 'cmake_target_skip_unavailable' from command line to 'False'
[0.328s] Level 5:colcon.colcon_core.verb:set package 'turtlebot3_fake_node' build argument 'cmake_clean_cache' from command line to 'False'
[0.328s] Level 5:colcon.colcon_core.verb:set package 'turtlebot3_fake_node' build argument 'cmake_clean_first' from command line to 'False'
[0.328s] Level 5:colcon.colcon_core.verb:set package 'turtlebot3_fake_node' build argument 'cmake_force_configure' from command line to 'False'
[0.328s] Level 5:colcon.colcon_core.verb:set package 'turtlebot3_fake_node' build argument 'ament_cmake_args' from command line to 'None'
[0.328s] Level 5:colcon.colcon_core.verb:set package 'turtlebot3_fake_node' build argument 'catkin_cmake_args' from command line to 'None'
[0.328s] Level 5:colcon.colcon_core.verb:set package 'turtlebot3_fake_node' build argument 'catkin_skip_building_tests' from command line to 'False'
[0.328s] DEBUG:colcon.colcon_core.verb:Building package 'turtlebot3_fake_node' with the following arguments: {'ament_cmake_args': None, 'build_base': '/home/kemo/ros2_ws/build/turtlebot3_fake_node', 'catkin_cmake_args': None, 'catkin_skip_building_tests': False, 'cmake_args': None, 'cmake_clean_cache': False, 'cmake_clean_first': False, 'cmake_force_configure': False, 'cmake_target': None, 'cmake_target_skip_unavailable': False, 'install_base': '/home/kemo/ros2_ws/install/turtlebot3_fake_node', 'merge_install': False, 'path': '/home/kemo/ros2_ws/src/turtlebot3_simulations/turtlebot3_fake_node', 'symlink_install': False, 'test_result_base': None}
[0.328s] Level 5:colcon.colcon_core.verb:set package 'turtlebot3_gazebo' build argument 'cmake_args' from command line to 'None'
[0.328s] Level 5:colcon.colcon_core.verb:set package 'turtlebot3_gazebo' build argument 'cmake_target' from command line to 'None'
[0.328s] Level 5:colcon.colcon_core.verb:set package 'turtlebot3_gazebo' build argument 'cmake_target_skip_unavailable' from command line to 'False'
[0.328s] Level 5:colcon.colcon_core.verb:set package 'turtlebot3_gazebo' build argument 'cmake_clean_cache' from command line to 'False'
[0.328s] Level 5:colcon.colcon_core.verb:set package 'turtlebot3_gazebo' build argument 'cmake_clean_first' from command line to 'False'
[0.328s] Level 5:colcon.colcon_core.verb:set package 'turtlebot3_gazebo' build argument 'cmake_force_configure' from command line to 'False'
[0.328s] Level 5:colcon.colcon_core.verb:set package 'turtlebot3_gazebo' build argument 'ament_cmake_args' from command line to 'None'
[0.328s] Level 5:colcon.colcon_core.verb:set package 'turtlebot3_gazebo' build argument 'catkin_cmake_args' from command line to 'None'
[0.328s] Level 5:colcon.colcon_core.verb:set package 'turtlebot3_gazebo' build argument 'catkin_skip_building_tests' from command line to 'False'
[0.328s] DEBUG:colcon.colcon_core.verb:Building package 'turtlebot3_gazebo' with the following arguments: {'ament_cmake_args': None, 'build_base': '/home/kemo/ros2_ws/build/turtlebot3_gazebo', 'catkin_cmake_args': None, 'catkin_skip_building_tests': False, 'cmake_args': None, 'cmake_clean_cache': False, 'cmake_clean_first': False, 'cmake_force_configure': False, 'cmake_target': None, 'cmake_target_skip_unavailable': False, 'install_base': '/home/kemo/ros2_ws/install/turtlebot3_gazebo', 'merge_install': False, 'path': '/home/kemo/ros2_ws/src/turtlebot3_simulations/turtlebot3_gazebo', 'symlink_install': False, 'test_result_base': None}
[0.329s] Level 5:colcon.colcon_core.verb:set package 'turtlebot3_simulations' build argument 'cmake_args' from command line to 'None'
[0.329s] Level 5:colcon.colcon_core.verb:set package 'turtlebot3_simulations' build argument 'cmake_target' from command line to 'None'
[0.329s] Level 5:colcon.colcon_core.verb:set package 'turtlebot3_simulations' build argument 'cmake_target_skip_unavailable' from command line to 'False'
[0.329s] Level 5:colcon.colcon_core.verb:set package 'turtlebot3_simulations' build argument 'cmake_clean_cache' from command line to 'False'
[0.329s] Level 5:colcon.colcon_core.verb:set package 'turtlebot3_simulations' build argument 'cmake_clean_first' from command line to 'False'
[0.329s] Level 5:colcon.colcon_core.verb:set package 'turtlebot3_simulations' build argument 'cmake_force_configure' from command line to 'False'
[0.329s] Level 5:colcon.colcon_core.verb:set package 'turtlebot3_simulations' build argument 'ament_cmake_args' from command line to 'None'
[0.329s] Level 5:colcon.colcon_core.verb:set package 'turtlebot3_simulations' build argument 'catkin_cmake_args' from command line to 'None'
[0.329s] Level 5:colcon.colcon_core.verb:set package 'turtlebot3_simulations' build argument 'catkin_skip_building_tests' from command line to 'False'
[0.329s] DEBUG:colcon.colcon_core.verb:Building package 'turtlebot3_simulations' with the following arguments: {'ament_cmake_args': None, 'build_base': '/home/kemo/ros2_ws/build/turtlebot3_simulations', 'catkin_cmake_args': None, 'catkin_skip_building_tests': False, 'cmake_args': None, 'cmake_clean_cache': False, 'cmake_clean_first': False, 'cmake_force_configure': False, 'cmake_target': None, 'cmake_target_skip_unavailable': False, 'install_base': '/home/kemo/ros2_ws/install/turtlebot3_simulations', 'merge_install': False, 'path': '/home/kemo/ros2_ws/src/turtlebot3_simulations/turtlebot3_simulations', 'symlink_install': False, 'test_result_base': None}
[0.329s] INFO:colcon.colcon_core.executor:Executing jobs using 'parallel' executor
[0.330s] DEBUG:colcon.colcon_parallel_executor.executor.parallel:run_until_complete
[0.330s] INFO:colcon.colcon_ros.task.ament_cmake.build:Building ROS package in '/home/kemo/ros2_ws/src/turtlebot3_simulations/turtlebot3_fake_node' with build type 'ament_cmake'
[0.330s] INFO:colcon.colcon_cmake.task.cmake.build:Building CMake package in '/home/kemo/ros2_ws/src/turtlebot3_simulations/turtlebot3_fake_node'
[0.332s] INFO:colcon.colcon_core.plugin_system:Skipping extension 'colcon_core.shell.bat': Not used on non-Windows systems
[0.332s] INFO:colcon.colcon_core.shell:Skip shell extension 'powershell' for command environment: Not usable outside of PowerShell
[0.332s] DEBUG:colcon.colcon_core.shell:Skip shell extension 'dsv' for command environment
[0.334s] INFO:colcon.colcon_ros.task.ament_cmake.build:Building ROS package in '/home/kemo/ros2_ws/src/turtlebot3_simulations/turtlebot3_gazebo' with build type 'ament_cmake'
[0.335s] INFO:colcon.colcon_cmake.task.cmake.build:Building CMake package in '/home/kemo/ros2_ws/src/turtlebot3_simulations/turtlebot3_gazebo'
[0.335s] INFO:colcon.colcon_core.shell:Skip shell extension 'powershell' for command environment: Not usable outside of PowerShell
[0.335s] DEBUG:colcon.colcon_core.shell:Skip shell extension 'dsv' for command environment
[0.337s] INFO:colcon.colcon_ros.task.ament_python.build:Building ROS package in '/home/kemo/ros2_ws/src/a1' with build type 'ament_python'
[0.337s] Level 1:colcon.colcon_core.shell:create_environment_hook('a1', 'ament_prefix_path')
[0.337s] INFO:colcon.colcon_core.shell:Creating environment hook '/home/kemo/ros2_ws/install/a1/share/a1/hook/ament_prefix_path.ps1'
[0.338s] INFO:colcon.colcon_core.shell:Creating environment descriptor '/home/kemo/ros2_ws/install/a1/share/a1/hook/ament_prefix_path.dsv'
[0.338s] INFO:colcon.colcon_core.shell:Creating environment hook '/home/kemo/ros2_ws/install/a1/share/a1/hook/ament_prefix_path.sh'
[0.339s] INFO:colcon.colcon_core.shell:Skip shell extension 'powershell' for command environment: Not usable outside of PowerShell
[0.339s] DEBUG:colcon.colcon_core.shell:Skip shell extension 'dsv' for command environment
[0.341s] INFO:colcon.colcon_ros.task.ament_python.build:Building ROS package in '/home/kemo/ros2_ws/src/a2' with build type 'ament_python'
[0.341s] Level 1:colcon.colcon_core.shell:create_environment_hook('a2', 'ament_prefix_path')
[0.341s] INFO:colcon.colcon_core.shell:Creating environment hook '/home/kemo/ros2_ws/install/a2/share/a2/hook/ament_prefix_path.ps1'
[0.342s] INFO:colcon.colcon_core.shell:Creating environment descriptor '/home/kemo/ros2_ws/install/a2/share/a2/hook/ament_prefix_path.dsv'
[0.342s] INFO:colcon.colcon_core.shell:Creating environment hook '/home/kemo/ros2_ws/install/a2/share/a2/hook/ament_prefix_path.sh'
[0.342s] INFO:colcon.colcon_core.shell:Skip shell extension 'powershell' for command environment: Not usable outside of PowerShell
[0.342s] DEBUG:colcon.colcon_core.shell:Skip shell extension 'dsv' for command environment
[0.350s] DEBUG:colcon.colcon_core.event_handler.log_command:Invoking command in '/home/kemo/ros2_ws/build/turtlebot3_fake_node': CMAKE_PREFIX_PATH=/opt/ros/humble /usr/bin/cmake --build /home/kemo/ros2_ws/build/turtlebot3_fake_node -- -j12 -l12
[0.352s] DEBUG:colcon.colcon_core.event_handler.log_command:Invoking command in '/home/kemo/ros2_ws/build/turtlebot3_gazebo': CMAKE_PREFIX_PATH=/opt/ros/humble /usr/bin/cmake /home/kemo/ros2_ws/src/turtlebot3_simulations/turtlebot3_gazebo -DCMAKE_INSTALL_PREFIX=/home/kemo/ros2_ws/install/turtlebot3_gazebo
[0.587s] INFO:colcon.colcon_core.task.python.build:Building Python package in '/home/kemo/ros2_ws/src/a1'
[0.587s] INFO:colcon.colcon_core.shell:Skip shell extension 'powershell' for command environment: Not usable outside of PowerShell
[0.587s] DEBUG:colcon.colcon_core.shell:Skip shell extension 'dsv' for command environment
[0.840s] INFO:colcon.colcon_core.task.python.build:Building Python package in '/home/kemo/ros2_ws/src/a2'
[0.840s] INFO:colcon.colcon_core.shell:Skip shell extension 'powershell' for command environment: Not usable outside of PowerShell
[0.840s] DEBUG:colcon.colcon_core.shell:Skip shell extension 'dsv' for command environment
[0.843s] DEBUG:colcon.colcon_core.event_handler.log_command:Invoked command in '/home/kemo/ros2_ws/build/turtlebot3_fake_node' returned '0': CMAKE_PREFIX_PATH=/opt/ros/humble /usr/bin/cmake --build /home/kemo/ros2_ws/build/turtlebot3_fake_node -- -j12 -l12
[0.874s] DEBUG:colcon.colcon_core.event_handler.log_command:Invoking command in '/home/kemo/ros2_ws/build/turtlebot3_fake_node': CMAKE_PREFIX_PATH=/opt/ros/humble /usr/bin/cmake --install /home/kemo/ros2_ws/build/turtlebot3_fake_node
[0.890s] Level 1:colcon.colcon_core.environment:create_environment_scripts_only(turtlebot3_fake_node)
[0.891s] DEBUG:colcon.colcon_core.event_handler.log_command:Invoked command in '/home/kemo/ros2_ws/build/turtlebot3_fake_node' returned '0': CMAKE_PREFIX_PATH=/opt/ros/humble /usr/bin/cmake --install /home/kemo/ros2_ws/build/turtlebot3_fake_node
[0.893s] Level 1:colcon.colcon_core.environment:checking '/home/kemo/ros2_ws/install/turtlebot3_fake_node' for CMake module files
[0.893s] Level 1:colcon.colcon_core.environment:checking '/home/kemo/ros2_ws/install/turtlebot3_fake_node' for CMake config files
[0.893s] Level 1:colcon.colcon_core.shell:create_environment_hook('turtlebot3_fake_node', 'cmake_prefix_path')
[0.894s] INFO:colcon.colcon_core.shell:Creating environment hook '/home/kemo/ros2_ws/install/turtlebot3_fake_node/share/turtlebot3_fake_node/hook/cmake_prefix_path.ps1'
[0.894s] INFO:colcon.colcon_core.shell:Creating environment descriptor '/home/kemo/ros2_ws/install/turtlebot3_fake_node/share/turtlebot3_fake_node/hook/cmake_prefix_path.dsv'
[0.894s] INFO:colcon.colcon_core.shell:Creating environment hook '/home/kemo/ros2_ws/install/turtlebot3_fake_node/share/turtlebot3_fake_node/hook/cmake_prefix_path.sh'
[0.895s] Level 1:colcon.colcon_core.environment:checking '/home/kemo/ros2_ws/install/turtlebot3_fake_node/lib'
[0.895s] Level 1:colcon.colcon_core.environment:checking '/home/kemo/ros2_ws/install/turtlebot3_fake_node/bin'
[0.895s] Level 1:colcon.colcon_core.environment:checking '/home/kemo/ros2_ws/install/turtlebot3_fake_node/lib/pkgconfig/turtlebot3_fake_node.pc'
[0.895s] Level 1:colcon.colcon_core.environment:checking '/home/kemo/ros2_ws/install/turtlebot3_fake_node/lib/python3.10/site-packages'
[0.896s] Level 1:colcon.colcon_core.environment:checking '/home/kemo/ros2_ws/install/turtlebot3_fake_node/bin'
[0.896s] INFO:colcon.colcon_core.shell:Creating package script '/home/kemo/ros2_ws/install/turtlebot3_fake_node/share/turtlebot3_fake_node/package.ps1'
[0.897s] INFO:colcon.colcon_core.shell:Creating package descriptor '/home/kemo/ros2_ws/install/turtlebot3_fake_node/share/turtlebot3_fake_node/package.dsv'
[0.897s] INFO:colcon.colcon_core.shell:Creating package script '/home/kemo/ros2_ws/install/turtlebot3_fake_node/share/turtlebot3_fake_node/package.sh'
[0.898s] INFO:colcon.colcon_core.shell:Creating package script '/home/kemo/ros2_ws/install/turtlebot3_fake_node/share/turtlebot3_fake_node/package.bash'
[0.899s] INFO:colcon.colcon_core.shell:Creating package script '/home/kemo/ros2_ws/install/turtlebot3_fake_node/share/turtlebot3_fake_node/package.zsh'
[0.899s] Level 1:colcon.colcon_core.environment:create_file_with_runtime_dependencies(/home/kemo/ros2_ws/install/turtlebot3_fake_node/share/colcon-core/packages/turtlebot3_fake_node)
[0.925s] Level 1:colcon.colcon_core.environment:create_environment_scripts_only(turtlebot3_fake_node)
[0.925s] Level 1:colcon.colcon_core.environment:checking '/home/kemo/ros2_ws/install/turtlebot3_fake_node' for CMake module files
[0.925s] Level 1:colcon.colcon_core.environment:checking '/home/kemo/ros2_ws/install/turtlebot3_fake_node' for CMake config files
[0.926s] Level 1:colcon.colcon_core.shell:create_environment_hook('turtlebot3_fake_node', 'cmake_prefix_path')
[0.926s] INFO:colcon.colcon_core.shell:Creating environment hook '/home/kemo/ros2_ws/install/turtlebot3_fake_node/share/turtlebot3_fake_node/hook/cmake_prefix_path.ps1'
[0.926s] INFO:colcon.colcon_core.shell:Creating environment descriptor '/home/kemo/ros2_ws/install/turtlebot3_fake_node/share/turtlebot3_fake_node/hook/cmake_prefix_path.dsv'
[0.926s] INFO:colcon.colcon_core.shell:Creating environment hook '/home/kemo/ros2_ws/install/turtlebot3_fake_node/share/turtlebot3_fake_node/hook/cmake_prefix_path.sh'
[0.927s] Level 1:colcon.colcon_core.environment:checking '/home/kemo/ros2_ws/install/turtlebot3_fake_node/lib'
[0.927s] Level 1:colcon.colcon_core.environment:checking '/home/kemo/ros2_ws/install/turtlebot3_fake_node/bin'
[0.927s] Level 1:colcon.colcon_core.environment:checking '/home/kemo/ros2_ws/install/turtlebot3_fake_node/lib/pkgconfig/turtlebot3_fake_node.pc'
[0.927s] Level 1:colcon.colcon_core.environment:checking '/home/kemo/ros2_ws/install/turtlebot3_fake_node/lib/python3.10/site-packages'
[0.928s] Level 1:colcon.colcon_core.environment:checking '/home/kemo/ros2_ws/install/turtlebot3_fake_node/bin'
[0.928s] INFO:colcon.colcon_core.shell:Creating package script '/home/kemo/ros2_ws/install/turtlebot3_fake_node/share/turtlebot3_fake_node/package.ps1'
[0.928s] INFO:colcon.colcon_core.shell:Creating package descriptor '/home/kemo/ros2_ws/install/turtlebot3_fake_node/share/turtlebot3_fake_node/package.dsv'
[0.929s] INFO:colcon.colcon_core.shell:Creating package script '/home/kemo/ros2_ws/install/turtlebot3_fake_node/share/turtlebot3_fake_node/package.sh'
[0.929s] INFO:colcon.colcon_core.shell:Creating package script '/home/kemo/ros2_ws/install/turtlebot3_fake_node/share/turtlebot3_fake_node/package.bash'
[0.930s] INFO:colcon.colcon_core.shell:Creating package script '/home/kemo/ros2_ws/install/turtlebot3_fake_node/share/turtlebot3_fake_node/package.zsh'
[0.930s] Level 1:colcon.colcon_core.environment:create_file_with_runtime_dependencies(/home/kemo/ros2_ws/install/turtlebot3_fake_node/share/colcon-core/packages/turtlebot3_fake_node)
[1.308s] DEBUG:colcon.colcon_core.event_handler.log_command:Invoking command in '/home/kemo/ros2_ws/src/a1': PYTHONPATH=/home/kemo/ros2_ws/build/a1/prefix_override:/usr/lib/python3/dist-packages/colcon_core/task/python/colcon_distutils_commands:/home/kemo/ros2_ws/install/a1/lib/python3.10/site-packages:${PYTHONPATH} /usr/bin/python3 -W ignore:setup.py install is deprecated setup.py egg_info --egg-base ../../build/a1 build --build-base /home/kemo/ros2_ws/build/a1/build install --record /home/kemo/ros2_ws/build/a1/install.log --single-version-externally-managed install_data
[1.311s] DEBUG:colcon.colcon_core.event_handler.log_command:Invoking command in '/home/kemo/ros2_ws/src/a2': PYTHONPATH=/home/kemo/ros2_ws/build/a2/prefix_override:/usr/lib/python3/dist-packages/colcon_core/task/python/colcon_distutils_commands:/home/kemo/ros2_ws/install/a2/lib/python3.10/site-packages:${PYTHONPATH} /usr/bin/python3 -W ignore:setup.py install is deprecated setup.py egg_info --egg-base ../../build/a2 build --build-base /home/kemo/ros2_ws/build/a2/build install --record /home/kemo/ros2_ws/build/a2/install.log --single-version-externally-managed install_data
[1.524s] DEBUG:colcon.colcon_core.event_handler.log_command:Invoked command in '/home/kemo/ros2_ws/build/turtlebot3_gazebo' returned '0': CMAKE_PREFIX_PATH=/opt/ros/humble /usr/bin/cmake /home/kemo/ros2_ws/src/turtlebot3_simulations/turtlebot3_gazebo -DCMAKE_INSTALL_PREFIX=/home/kemo/ros2_ws/install/turtlebot3_gazebo
[1.526s] DEBUG:colcon.colcon_core.event_handler.log_command:Invoking command in '/home/kemo/ros2_ws/build/turtlebot3_gazebo': CMAKE_PREFIX_PATH=/opt/ros/humble /usr/bin/cmake --build /home/kemo/ros2_ws/build/turtlebot3_gazebo -- -j12 -l12
[1.618s] Level 1:colcon.colcon_core.environment:checking '/home/kemo/ros2_ws/install/a1' for CMake module files
[1.619s] DEBUG:colcon.colcon_core.event_handler.log_command:Invoked command in '/home/kemo/ros2_ws/src/a1' returned '0': PYTHONPATH=/home/kemo/ros2_ws/build/a1/prefix_override:/usr/lib/python3/dist-packages/colcon_core/task/python/colcon_distutils_commands:/home/kemo/ros2_ws/install/a1/lib/python3.10/site-packages:${PYTHONPATH} /usr/bin/python3 -W ignore:setup.py install is deprecated setup.py egg_info --egg-base ../../build/a1 build --build-base /home/kemo/ros2_ws/build/a1/build install --record /home/kemo/ros2_ws/build/a1/install.log --single-version-externally-managed install_data
[1.619s] Level 1:colcon.colcon_core.environment:checking '/home/kemo/ros2_ws/install/a1' for CMake config files
[1.620s] Level 1:colcon.colcon_core.environment:checking '/home/kemo/ros2_ws/install/a1/lib'
[1.620s] Level 1:colcon.colcon_core.environment:checking '/home/kemo/ros2_ws/install/a1/bin'
[1.620s] Level 1:colcon.colcon_core.environment:checking '/home/kemo/ros2_ws/install/a1/lib/pkgconfig/a1.pc'
[1.620s] Level 1:colcon.colcon_core.environment:checking '/home/kemo/ros2_ws/install/a1/lib/python3.10/site-packages'
[1.620s] Level 1:colcon.colcon_core.shell:create_environment_hook('a1', 'pythonpath')
[1.620s] INFO:colcon.colcon_core.shell:Creating environment hook '/home/kemo/ros2_ws/install/a1/share/a1/hook/pythonpath.ps1'
[1.621s] INFO:colcon.colcon_core.shell:Creating environment descriptor '/home/kemo/ros2_ws/install/a1/share/a1/hook/pythonpath.dsv'
[1.621s] INFO:colcon.colcon_core.shell:Creating environment hook '/home/kemo/ros2_ws/install/a1/share/a1/hook/pythonpath.sh'
[1.621s] Level 1:colcon.colcon_core.environment:checking '/home/kemo/ros2_ws/install/a1/bin'
[1.622s] Level 1:colcon.colcon_core.environment:create_environment_scripts_only(a1)
[1.622s] INFO:colcon.colcon_core.shell:Creating package script '/home/kemo/ros2_ws/install/a1/share/a1/package.ps1'
[1.622s] INFO:colcon.colcon_core.shell:Creating package descriptor '/home/kemo/ros2_ws/install/a1/share/a1/package.dsv'
[1.623s] INFO:colcon.colcon_core.shell:Creating package script '/home/kemo/ros2_ws/install/a1/share/a1/package.sh'
[1.623s] INFO:colcon.colcon_core.shell:Creating package script '/home/kemo/ros2_ws/install/a1/share/a1/package.bash'
[1.623s] INFO:colcon.colcon_core.shell:Creating package script '/home/kemo/ros2_ws/install/a1/share/a1/package.zsh'
[1.624s] Level 1:colcon.colcon_core.environment:create_file_with_runtime_dependencies(/home/kemo/ros2_ws/install/a1/share/colcon-core/packages/a1)
[1.632s] Level 1:colcon.colcon_core.environment:checking '/home/kemo/ros2_ws/install/a2' for CMake module files
[1.632s] DEBUG:colcon.colcon_core.event_handler.log_command:Invoked command in '/home/kemo/ros2_ws/src/a2' returned '0': PYTHONPATH=/home/kemo/ros2_ws/build/a2/prefix_override:/usr/lib/python3/dist-packages/colcon_core/task/python/colcon_distutils_commands:/home/kemo/ros2_ws/install/a2/lib/python3.10/site-packages:${PYTHONPATH} /usr/bin/python3 -W ignore:setup.py install is deprecated setup.py egg_info --egg-base ../../build/a2 build --build-base /home/kemo/ros2_ws/build/a2/build install --record /home/kemo/ros2_ws/build/a2/install.log --single-version-externally-managed install_data
[1.633s] Level 1:colcon.colcon_core.environment:checking '/home/kemo/ros2_ws/install/a2' for CMake config files
[1.633s] Level 1:colcon.colcon_core.environment:checking '/home/kemo/ros2_ws/install/a2/lib'
[1.633s] Level 1:colcon.colcon_core.environment:checking '/home/kemo/ros2_ws/install/a2/bin'
[1.634s] Level 1:colcon.colcon_core.environment:checking '/home/kemo/ros2_ws/install/a2/lib/pkgconfig/a2.pc'
[1.634s] Level 1:colcon.colcon_core.environment:checking '/home/kemo/ros2_ws/install/a2/lib/python3.10/site-packages'
[1.634s] Level 1:colcon.colcon_core.shell:create_environment_hook('a2', 'pythonpath')
[1.634s] INFO:colcon.colcon_core.shell:Creating environment hook '/home/kemo/ros2_ws/install/a2/share/a2/hook/pythonpath.ps1'
[1.634s] INFO:colcon.colcon_core.shell:Creating environment descriptor '/home/kemo/ros2_ws/install/a2/share/a2/hook/pythonpath.dsv'
[1.635s] INFO:colcon.colcon_core.shell:Creating environment hook '/home/kemo/ros2_ws/install/a2/share/a2/hook/pythonpath.sh'
[1.635s] Level 1:colcon.colcon_core.environment:checking '/home/kemo/ros2_ws/install/a2/bin'
[1.635s] Level 1:colcon.colcon_core.environment:create_environment_scripts_only(a2)
[1.636s] INFO:colcon.colcon_core.shell:Creating package script '/home/kemo/ros2_ws/install/a2/share/a2/package.ps1'
[1.636s] INFO:colcon.colcon_core.shell:Creating package descriptor '/home/kemo/ros2_ws/install/a2/share/a2/package.dsv'
[1.637s] INFO:colcon.colcon_core.shell:Creating package script '/home/kemo/ros2_ws/install/a2/share/a2/package.sh'
[1.637s] INFO:colcon.colcon_core.shell:Creating package script '/home/kemo/ros2_ws/install/a2/share/a2/package.bash'
[1.637s] INFO:colcon.colcon_core.shell:Creating package script '/home/kemo/ros2_ws/install/a2/share/a2/package.zsh'
[1.638s] Level 1:colcon.colcon_core.environment:create_file_with_runtime_dependencies(/home/kemo/ros2_ws/install/a2/share/colcon-core/packages/a2)
[14.800s] DEBUG:colcon.colcon_core.event_handler.log_command:Invoked command in '/home/kemo/ros2_ws/build/turtlebot3_gazebo' returned '0': CMAKE_PREFIX_PATH=/opt/ros/humble /usr/bin/cmake --build /home/kemo/ros2_ws/build/turtlebot3_gazebo -- -j12 -l12
[14.841s] DEBUG:colcon.colcon_core.event_handler.log_command:Invoking command in '/home/kemo/ros2_ws/build/turtlebot3_gazebo': CMAKE_PREFIX_PATH=/opt/ros/humble /usr/bin/cmake --install /home/kemo/ros2_ws/build/turtlebot3_gazebo
[14.868s] Level 1:colcon.colcon_core.environment:create_environment_scripts_only(turtlebot3_gazebo)
[14.868s] Level 1:colcon.colcon_core.environment:checking '/home/kemo/ros2_ws/install/turtlebot3_gazebo' for CMake module files
[14.869s] DEBUG:colcon.colcon_core.event_handler.log_command:Invoked command in '/home/kemo/ros2_ws/build/turtlebot3_gazebo' returned '0': CMAKE_PREFIX_PATH=/opt/ros/humble /usr/bin/cmake --install /home/kemo/ros2_ws/build/turtlebot3_gazebo
[14.870s] Level 1:colcon.colcon_core.environment:checking '/home/kemo/ros2_ws/install/turtlebot3_gazebo' for CMake config files
[14.871s] Level 1:colcon.colcon_core.shell:create_environment_hook('turtlebot3_gazebo', 'cmake_prefix_path')
[14.871s] INFO:colcon.colcon_core.shell:Creating environment hook '/home/kemo/ros2_ws/install/turtlebot3_gazebo/share/turtlebot3_gazebo/hook/cmake_prefix_path.ps1'
[14.872s] INFO:colcon.colcon_core.shell:Creating environment descriptor '/home/kemo/ros2_ws/install/turtlebot3_gazebo/share/turtlebot3_gazebo/hook/cmake_prefix_path.dsv'
[14.872s] INFO:colcon.colcon_core.shell:Creating environment hook '/home/kemo/ros2_ws/install/turtlebot3_gazebo/share/turtlebot3_gazebo/hook/cmake_prefix_path.sh'
[14.873s] Level 1:colcon.colcon_core.environment:checking '/home/kemo/ros2_ws/install/turtlebot3_gazebo/lib'
[14.873s] Level 1:colcon.colcon_core.environment:checking '/home/kemo/ros2_ws/install/turtlebot3_gazebo/bin'
[14.873s] Level 1:colcon.colcon_core.environment:checking '/home/kemo/ros2_ws/install/turtlebot3_gazebo/lib/pkgconfig/turtlebot3_gazebo.pc'
[14.874s] Level 1:colcon.colcon_core.environment:checking '/home/kemo/ros2_ws/install/turtlebot3_gazebo/lib/python3.10/site-packages'
[14.874s] Level 1:colcon.colcon_core.environment:checking '/home/kemo/ros2_ws/install/turtlebot3_gazebo/bin'
[14.875s] INFO:colcon.colcon_core.shell:Creating package script '/home/kemo/ros2_ws/install/turtlebot3_gazebo/share/turtlebot3_gazebo/package.ps1'
[14.876s] INFO:colcon.colcon_core.shell:Creating package descriptor '/home/kemo/ros2_ws/install/turtlebot3_gazebo/share/turtlebot3_gazebo/package.dsv'
[14.877s] INFO:colcon.colcon_core.shell:Creating package script '/home/kemo/ros2_ws/install/turtlebot3_gazebo/share/turtlebot3_gazebo/package.sh'
[14.877s] INFO:colcon.colcon_core.shell:Creating package script '/home/kemo/ros2_ws/install/turtlebot3_gazebo/share/turtlebot3_gazebo/package.bash'
[14.878s] INFO:colcon.colcon_core.shell:Creating package script '/home/kemo/ros2_ws/install/turtlebot3_gazebo/share/turtlebot3_gazebo/package.zsh'
[14.878s] Level 1:colcon.colcon_core.environment:create_file_with_runtime_dependencies(/home/kemo/ros2_ws/install/turtlebot3_gazebo/share/colcon-core/packages/turtlebot3_gazebo)
[14.910s] Level 1:colcon.colcon_core.environment:create_environment_scripts_only(turtlebot3_gazebo)
[14.910s] Level 1:colcon.colcon_core.environment:checking '/home/kemo/ros2_ws/install/turtlebot3_gazebo' for CMake module files
[14.911s] Level 1:colcon.colcon_core.environment:checking '/home/kemo/ros2_ws/install/turtlebot3_gazebo' for CMake config files
[14.911s] Level 1:colcon.colcon_core.shell:create_environment_hook('turtlebot3_gazebo', 'cmake_prefix_path')
[14.911s] INFO:colcon.colcon_core.shell:Creating environment hook '/home/kemo/ros2_ws/install/turtlebot3_gazebo/share/turtlebot3_gazebo/hook/cmake_prefix_path.ps1'
[14.911s] INFO:colcon.colcon_core.shell:Creating environment descriptor '/home/kemo/ros2_ws/install/turtlebot3_gazebo/share/turtlebot3_gazebo/hook/cmake_prefix_path.dsv'
[14.912s] INFO:colcon.colcon_core.shell:Creating environment hook '/home/kemo/ros2_ws/install/turtlebot3_gazebo/share/turtlebot3_gazebo/hook/cmake_prefix_path.sh'
[14.912s] Level 1:colcon.colcon_core.environment:checking '/home/kemo/ros2_ws/install/turtlebot3_gazebo/lib'
[14.912s] Level 1:colcon.colcon_core.environment:checking '/home/kemo/ros2_ws/install/turtlebot3_gazebo/bin'
[14.912s] Level 1:colcon.colcon_core.environment:checking '/home/kemo/ros2_ws/install/turtlebot3_gazebo/lib/pkgconfig/turtlebot3_gazebo.pc'
[14.912s] Level 1:colcon.colcon_core.environment:checking '/home/kemo/ros2_ws/install/turtlebot3_gazebo/lib/python3.10/site-packages'
[14.913s] Level 1:colcon.colcon_core.environment:checking '/home/kemo/ros2_ws/install/turtlebot3_gazebo/bin'
[14.913s] INFO:colcon.colcon_core.shell:Creating package script '/home/kemo/ros2_ws/install/turtlebot3_gazebo/share/turtlebot3_gazebo/package.ps1'
[14.913s] INFO:colcon.colcon_core.shell:Creating package descriptor '/home/kemo/ros2_ws/install/turtlebot3_gazebo/share/turtlebot3_gazebo/package.dsv'
[14.914s] INFO:colcon.colcon_core.shell:Creating package script '/home/kemo/ros2_ws/install/turtlebot3_gazebo/share/turtlebot3_gazebo/package.sh'
[14.914s] INFO:colcon.colcon_core.shell:Creating package script '/home/kemo/ros2_ws/install/turtlebot3_gazebo/share/turtlebot3_gazebo/package.bash'
[14.914s] INFO:colcon.colcon_core.shell:Creating package script '/home/kemo/ros2_ws/install/turtlebot3_gazebo/share/turtlebot3_gazebo/package.zsh'
[14.914s] Level 1:colcon.colcon_core.environment:create_file_with_runtime_dependencies(/home/kemo/ros2_ws/install/turtlebot3_gazebo/share/colcon-core/packages/turtlebot3_gazebo)
[14.915s] INFO:colcon.colcon_ros.task.ament_cmake.build:Building ROS package in '/home/kemo/ros2_ws/src/turtlebot3_simulations/turtlebot3_simulations' with build type 'ament_cmake'
[14.915s] INFO:colcon.colcon_cmake.task.cmake.build:Building CMake package in '/home/kemo/ros2_ws/src/turtlebot3_simulations/turtlebot3_simulations'
[14.915s] INFO:colcon.colcon_core.shell:Skip shell extension 'powershell' for command environment: Not usable outside of PowerShell
[14.915s] DEBUG:colcon.colcon_core.shell:Skip shell extension 'dsv' for command environment
[14.922s] DEBUG:colcon.colcon_core.event_handler.log_command:Invoking command in '/home/kemo/ros2_ws/build/turtlebot3_simulations': AMENT_PREFIX_PATH=/home/kemo/ros2_ws/install/turtlebot3_gazebo:/home/kemo/ros2_ws/install/turtlebot3_fake_node:${AMENT_PREFIX_PATH} CMAKE_PREFIX_PATH=/home/kemo/ros2_ws/install/turtlebot3_gazebo:/home/kemo/ros2_ws/install/turtlebot3_fake_node:/opt/ros/humble /usr/bin/cmake /home/kemo/ros2_ws/src/turtlebot3_simulations/turtlebot3_simulations -DCMAKE_INSTALL_PREFIX=/home/kemo/ros2_ws/install/turtlebot3_simulations
[15.450s] DEBUG:colcon.colcon_core.event_handler.log_command:Invoked command in '/home/kemo/ros2_ws/build/turtlebot3_simulations' returned '0': AMENT_PREFIX_PATH=/home/kemo/ros2_ws/install/turtlebot3_gazebo:/home/kemo/ros2_ws/install/turtlebot3_fake_node:${AMENT_PREFIX_PATH} CMAKE_PREFIX_PATH=/home/kemo/ros2_ws/install/turtlebot3_gazebo:/home/kemo/ros2_ws/install/turtlebot3_fake_node:/opt/ros/humble /usr/bin/cmake /home/kemo/ros2_ws/src/turtlebot3_simulations/turtlebot3_simulations -DCMAKE_INSTALL_PREFIX=/home/kemo/ros2_ws/install/turtlebot3_simulations
[15.451s] DEBUG:colcon.colcon_core.event_handler.log_command:Invoking command in '/home/kemo/ros2_ws/build/turtlebot3_simulations': AMENT_PREFIX_PATH=/home/kemo/ros2_ws/install/turtlebot3_gazebo:/home/kemo/ros2_ws/install/turtlebot3_fake_node:${AMENT_PREFIX_PATH} CMAKE_PREFIX_PATH=/home/kemo/ros2_ws/install/turtlebot3_gazebo:/home/kemo/ros2_ws/install/turtlebot3_fake_node:/opt/ros/humble /usr/bin/cmake --build /home/kemo/ros2_ws/build/turtlebot3_simulations -- -j12 -l12
[15.483s] DEBUG:colcon.colcon_core.event_handler.log_command:Invoked command in '/home/kemo/ros2_ws/build/turtlebot3_simulations' returned '0': AMENT_PREFIX_PATH=/home/kemo/ros2_ws/install/turtlebot3_gazebo:/home/kemo/ros2_ws/install/turtlebot3_fake_node:${AMENT_PREFIX_PATH} CMAKE_PREFIX_PATH=/home/kemo/ros2_ws/install/turtlebot3_gazebo:/home/kemo/ros2_ws/install/turtlebot3_fake_node:/opt/ros/humble /usr/bin/cmake --build /home/kemo/ros2_ws/build/turtlebot3_simulations -- -j12 -l12
[15.502s] DEBUG:colcon.colcon_core.event_handler.log_command:Invoking command in '/home/kemo/ros2_ws/build/turtlebot3_simulations': AMENT_PREFIX_PATH=/home/kemo/ros2_ws/install/turtlebot3_gazebo:/home/kemo/ros2_ws/install/turtlebot3_fake_node:${AMENT_PREFIX_PATH} CMAKE_PREFIX_PATH=/home/kemo/ros2_ws/install/turtlebot3_gazebo:/home/kemo/ros2_ws/install/turtlebot3_fake_node:/opt/ros/humble /usr/bin/cmake --install /home/kemo/ros2_ws/build/turtlebot3_simulations
[15.512s] Level 1:colcon.colcon_core.environment:create_environment_scripts_only(turtlebot3_simulations)
[15.513s] Level 1:colcon.colcon_core.environment:checking '/home/kemo/ros2_ws/install/turtlebot3_simulations' for CMake module files
[15.513s] DEBUG:colcon.colcon_core.event_handler.log_command:Invoked command in '/home/kemo/ros2_ws/build/turtlebot3_simulations' returned '0': AMENT_PREFIX_PATH=/home/kemo/ros2_ws/install/turtlebot3_gazebo:/home/kemo/ros2_ws/install/turtlebot3_fake_node:${AMENT_PREFIX_PATH} CMAKE_PREFIX_PATH=/home/kemo/ros2_ws/install/turtlebot3_gazebo:/home/kemo/ros2_ws/install/turtlebot3_fake_node:/opt/ros/humble /usr/bin/cmake --install /home/kemo/ros2_ws/build/turtlebot3_simulations
[15.513s] Level 1:colcon.colcon_core.environment:checking '/home/kemo/ros2_ws/install/turtlebot3_simulations' for CMake config files
[15.513s] Level 1:colcon.colcon_core.shell:create_environment_hook('turtlebot3_simulations', 'cmake_prefix_path')
[15.514s] INFO:colcon.colcon_core.shell:Creating environment hook '/home/kemo/ros2_ws/install/turtlebot3_simulations/share/turtlebot3_simulations/hook/cmake_prefix_path.ps1'
[15.514s] INFO:colcon.colcon_core.shell:Creating environment descriptor '/home/kemo/ros2_ws/install/turtlebot3_simulations/share/turtlebot3_simulations/hook/cmake_prefix_path.dsv'
[15.514s] INFO:colcon.colcon_core.shell:Creating environment hook '/home/kemo/ros2_ws/install/turtlebot3_simulations/share/turtlebot3_simulations/hook/cmake_prefix_path.sh'
[15.514s] Level 1:colcon.colcon_core.environment:checking '/home/kemo/ros2_ws/install/turtlebot3_simulations/bin'
[15.515s] Level 1:colcon.colcon_core.environment:checking '/home/kemo/ros2_ws/install/turtlebot3_simulations/lib/pkgconfig/turtlebot3_simulations.pc'
[15.515s] Level 1:colcon.colcon_core.environment:checking '/home/kemo/ros2_ws/install/turtlebot3_simulations/lib/python3.10/site-packages'
[15.515s] Level 1:colcon.colcon_core.environment:checking '/home/kemo/ros2_ws/install/turtlebot3_simulations/bin'
[15.515s] INFO:colcon.colcon_core.shell:Creating package script '/home/kemo/ros2_ws/install/turtlebot3_simulations/share/turtlebot3_simulations/package.ps1'
[15.515s] INFO:colcon.colcon_core.shell:Creating package descriptor '/home/kemo/ros2_ws/install/turtlebot3_simulations/share/turtlebot3_simulations/package.dsv'
[15.516s] INFO:colcon.colcon_core.shell:Creating package script '/home/kemo/ros2_ws/install/turtlebot3_simulations/share/turtlebot3_simulations/package.sh'
[15.516s] INFO:colcon.colcon_core.shell:Creating package script '/home/kemo/ros2_ws/install/turtlebot3_simulations/share/turtlebot3_simulations/package.bash'
[15.516s] INFO:colcon.colcon_core.shell:Creating package script '/home/kemo/ros2_ws/install/turtlebot3_simulations/share/turtlebot3_simulations/package.zsh'
[15.516s] Level 1:colcon.colcon_core.environment:create_file_with_runtime_dependencies(/home/kemo/ros2_ws/install/turtlebot3_simulations/share/colcon-core/packages/turtlebot3_simulations)
[15.535s] Level 1:colcon.colcon_core.environment:create_environment_scripts_only(turtlebot3_simulations)
[15.536s] Level 1:colcon.colcon_core.environment:checking '/home/kemo/ros2_ws/install/turtlebot3_simulations' for CMake module files
[15.536s] Level 1:colcon.colcon_core.environment:checking '/home/kemo/ros2_ws/install/turtlebot3_simulations' for CMake config files
[15.536s] Level 1:colcon.colcon_core.shell:create_environment_hook('turtlebot3_simulations', 'cmake_prefix_path')
[15.536s] INFO:colcon.colcon_core.shell:Creating environment hook '/home/kemo/ros2_ws/install/turtlebot3_simulations/share/turtlebot3_simulations/hook/cmake_prefix_path.ps1'
[15.537s] INFO:colcon.colcon_core.shell:Creating environment descriptor '/home/kemo/ros2_ws/install/turtlebot3_simulations/share/turtlebot3_simulations/hook/cmake_prefix_path.dsv'
[15.537s] INFO:colcon.colcon_core.shell:Creating environment hook '/home/kemo/ros2_ws/install/turtlebot3_simulations/share/turtlebot3_simulations/hook/cmake_prefix_path.sh'
[15.537s] Level 1:colcon.colcon_core.environment:checking '/home/kemo/ros2_ws/install/turtlebot3_simulations/bin'
[15.537s] Level 1:colcon.colcon_core.environment:checking '/home/kemo/ros2_ws/install/turtlebot3_simulations/lib/pkgconfig/turtlebot3_simulations.pc'
[15.538s] Level 1:colcon.colcon_core.environment:checking '/home/kemo/ros2_ws/install/turtlebot3_simulations/lib/python3.10/site-packages'
[15.538s] Level 1:colcon.colcon_core.environment:checking '/home/kemo/ros2_ws/install/turtlebot3_simulations/bin'
[15.538s] INFO:colcon.colcon_core.shell:Creating package script '/home/kemo/ros2_ws/install/turtlebot3_simulations/share/turtlebot3_simulations/package.ps1'
[15.538s] INFO:colcon.colcon_core.shell:Creating package descriptor '/home/kemo/ros2_ws/install/turtlebot3_simulations/share/turtlebot3_simulations/package.dsv'
[15.539s] INFO:colcon.colcon_core.shell:Creating package script '/home/kemo/ros2_ws/install/turtlebot3_simulations/share/turtlebot3_simulations/package.sh'
[15.539s] INFO:colcon.colcon_core.shell:Creating package script '/home/kemo/ros2_ws/install/turtlebot3_simulations/share/turtlebot3_simulations/package.bash'
[15.539s] INFO:colcon.colcon_core.shell:Creating package script '/home/kemo/ros2_ws/install/turtlebot3_simulations/share/turtlebot3_simulations/package.zsh'
[15.540s] Level 1:colcon.colcon_core.environment:create_file_with_runtime_dependencies(/home/kemo/ros2_ws/install/turtlebot3_simulations/share/colcon-core/packages/turtlebot3_simulations)
[15.540s] DEBUG:colcon.colcon_parallel_executor.executor.parallel:closing loop
[15.540s] DEBUG:colcon.colcon_parallel_executor.executor.parallel:loop closed
[15.540s] DEBUG:colcon.colcon_parallel_executor.executor.parallel:run_until_complete finished with '0'
[15.540s] DEBUG:colcon.colcon_core.event_reactor:joining thread
[15.545s] INFO:colcon.colcon_core.plugin_system:Skipping extension 'colcon_notification.desktop_notification.terminal_notifier': Not used on non-Darwin systems
[15.545s] INFO:colcon.colcon_core.plugin_system:Skipping extension 'colcon_notification.desktop_notification.win32': Not used on non-Windows systems
[15.545s] INFO:colcon.colcon_notification.desktop_notification:Sending desktop notification using 'notify2'
[15.557s] DEBUG:colcon.colcon_core.event_reactor:joined thread
[15.557s] INFO:colcon.colcon_core.shell:Creating prefix script '/home/kemo/ros2_ws/install/local_setup.ps1'
[15.558s] INFO:colcon.colcon_core.shell:Creating prefix util module '/home/kemo/ros2_ws/install/_local_setup_util_ps1.py'
[15.559s] INFO:colcon.colcon_core.shell:Creating prefix chain script '/home/kemo/ros2_ws/install/setup.ps1'
[15.560s] INFO:colcon.colcon_core.shell:Creating prefix script '/home/kemo/ros2_ws/install/local_setup.sh'
[15.561s] INFO:colcon.colcon_core.shell:Creating prefix util module '/home/kemo/ros2_ws/install/_local_setup_util_sh.py'
[15.561s] INFO:colcon.colcon_core.shell:Creating prefix chain script '/home/kemo/ros2_ws/install/setup.sh'
[15.562s] INFO:colcon.colcon_core.shell:Creating prefix script '/home/kemo/ros2_ws/install/local_setup.bash'
[15.562s] INFO:colcon.colcon_core.shell:Creating prefix chain script '/home/kemo/ros2_ws/install/setup.bash'
[15.563s] INFO:colcon.colcon_core.shell:Creating prefix script '/home/kemo/ros2_ws/install/local_setup.zsh'
[15.564s] INFO:colcon.colcon_core.shell:Creating prefix chain script '/home/kemo/ros2_ws/install/setup.zsh'
