running egg_info
writing ../../build/a1/a1.egg-info/PKG-INFO
writing dependency_links to ../../build/a1/a1.egg-info/dependency_links.txt
writing entry points to ../../build/a1/a1.egg-info/entry_points.txt
writing requirements to ../../build/a1/a1.egg-info/requires.txt
writing top-level names to ../../build/a1/a1.egg-info/top_level.txt
reading manifest file '../../build/a1/a1.egg-info/SOURCES.txt'
writing manifest file '../../build/a1/a1.egg-info/SOURCES.txt'
running build
running build_py
running install
running install_lib
running install_data
running install_egg_info
removing '/home/kemo/colcon_ws/install/a1/lib/python3.10/site-packages/a1-0.0.0-py3.10.egg-info' (and everything under it)
Copying ../../build/a1/a1.egg-info to /home/kemo/colcon_ws/install/a1/lib/python3.10/site-packages/a1-0.0.0-py3.10.egg-info
running install_scripts
Installing listener script to /home/kemo/colcon_ws/install/a1/lib/a1
Installing talker script to /home/kemo/colcon_ws/install/a1/lib/a1
writing list of installed files to '/home/kemo/colcon_ws/build/a1/install.log'
