[0.863s] Invoking command in '/home/kemo/colcon_ws/src/a1': PYTHONPATH=/home/kemo/colcon_ws/build/a1/prefix_override:/usr/lib/python3/dist-packages/colcon_core/task/python/colcon_distutils_commands:/home/kemo/colcon_ws/install/a1/lib/python3.10/site-packages:${PYTHONPATH} /usr/bin/python3 -W ignore:setup.py install is deprecated setup.py egg_info --egg-base ../../build/a1 build --build-base /home/kemo/colcon_ws/build/a1/build install --record /home/kemo/colcon_ws/build/a1/install.log --single-version-externally-managed install_data
[1.109s] running egg_info
[1.109s] writing ../../build/a1/a1.egg-info/PKG-INFO
[1.110s] writing dependency_links to ../../build/a1/a1.egg-info/dependency_links.txt
[1.110s] writing entry points to ../../build/a1/a1.egg-info/entry_points.txt
[1.110s] writing requirements to ../../build/a1/a1.egg-info/requires.txt
[1.110s] writing top-level names to ../../build/a1/a1.egg-info/top_level.txt
[1.112s] reading manifest file '../../build/a1/a1.egg-info/SOURCES.txt'
[1.113s] writing manifest file '../../build/a1/a1.egg-info/SOURCES.txt'
[1.114s] running build
[1.114s] running build_py
[1.114s] running install
[1.114s] running install_lib
[1.116s] running install_data
[1.116s] copying package.xml -> /home/kemo/colcon_ws/install/a1/share/a1
[1.116s] running install_egg_info
[1.118s] removing '/home/kemo/colcon_ws/install/a1/lib/python3.10/site-packages/a1-0.0.0-py3.10.egg-info' (and everything under it)
[1.118s] Copying ../../build/a1/a1.egg-info to /home/kemo/colcon_ws/install/a1/lib/python3.10/site-packages/a1-0.0.0-py3.10.egg-info
[1.119s] running install_scripts
[1.137s] Installing listener script to /home/kemo/colcon_ws/install/a1/lib/a1
[1.138s] Installing talker script to /home/kemo/colcon_ws/install/a1/lib/a1
[1.138s] writing list of installed files to '/home/kemo/colcon_ws/build/a1/install.log'
[1.160s] Invoked command in '/home/kemo/colcon_ws/src/a1' returned '0': PYTHONPATH=/home/kemo/colcon_ws/build/a1/prefix_override:/usr/lib/python3/dist-packages/colcon_core/task/python/colcon_distutils_commands:/home/kemo/colcon_ws/install/a1/lib/python3.10/site-packages:${PYTHONPATH} /usr/bin/python3 -W ignore:setup.py install is deprecated setup.py egg_info --egg-base ../../build/a1 build --build-base /home/kemo/colcon_ws/build/a1/build install --record /home/kemo/colcon_ws/build/a1/install.log --single-version-externally-managed install_data
