[0.209s] DEBUG:colcon:Command line arguments: ['/usr/bin/colcon', 'build']
[0.209s] DEBUG:colcon:Parsed command line arguments: Namespace(log_base=None, log_level=None, verb_name='build', build_base='build', install_base='install', merge_install=False, symlink_install=False, test_result_base=None, continue_on_error=False, executor='parallel', parallel_workers=12, event_handlers=None, ignore_user_meta=False, metas=['./colcon.meta'], base_paths=['.'], packages_ignore=None, packages_ignore_regex=None, paths=None, packages_up_to=None, packages_up_to_regex=None, packages_above=None, packages_above_and_dependencies=None, packages_above_depth=None, packages_select_by_dep=None, packages_skip_by_dep=None, packages_skip_up_to=None, packages_select_build_failed=False, packages_skip_build_finished=False, packages_select_test_failures=False, packages_skip_test_passed=False, packages_select=None, packages_skip=None, packages_select_regex=None, packages_skip_regex=None, packages_start=None, packages_end=None, allow_overriding=[], cmake_args=None, cmake_target=None, cmake_target_skip_unavailable=False, cmake_clean_cache=False, cmake_clean_first=False, cmake_force_configure=False, ament_cmake_args=None, catkin_cmake_args=None, catkin_skip_building_tests=False, mixin_files=None, mixin=None, verb_parser=<colcon_mixin.mixin.mixin_argument.MixinArgumentDecorator object at 0x70ea30a2e9e0>, verb_extension=<colcon_core.verb.build.BuildVerb object at 0x70ea30b3f280>, main=<bound method BuildVerb.main of <colcon_core.verb.build.BuildVerb object at 0x70ea30b3f280>>, mixin_verb=('build',))
[0.604s] Level 1:colcon.colcon_core.package_discovery:discover_packages(colcon_meta) check parameters
[0.604s] Level 1:colcon.colcon_core.package_discovery:discover_packages(recursive) check parameters
[0.604s] Level 1:colcon.colcon_core.package_discovery:discover_packages(ignore) check parameters
[0.604s] Level 1:colcon.colcon_core.package_discovery:discover_packages(path) check parameters
[0.604s] Level 1:colcon.colcon_core.package_discovery:discover_packages(colcon_meta) discover
[0.604s] Level 1:colcon.colcon_core.package_discovery:discover_packages(recursive) discover
[0.604s] INFO:colcon.colcon_core.package_discovery:Crawling recursively for packages in '/home/kemo/colcon_ws'
[0.604s] Level 1:colcon.colcon_core.package_identification:_identify(.) by extensions ['ignore', 'ignore_ament_install']
[0.604s] Level 1:colcon.colcon_core.package_identification:_identify(.) by extension 'ignore'
[0.605s] Level 1:colcon.colcon_core.package_identification:_identify(.) by extension 'ignore_ament_install'
[0.605s] Level 1:colcon.colcon_core.package_identification:_identify(.) by extensions ['colcon_pkg']
[0.605s] Level 1:colcon.colcon_core.package_identification:_identify(.) by extension 'colcon_pkg'
[0.605s] Level 1:colcon.colcon_core.package_identification:_identify(.) by extensions ['colcon_meta']
[0.605s] Level 1:colcon.colcon_core.package_identification:_identify(.) by extension 'colcon_meta'
[0.605s] Level 1:colcon.colcon_core.package_identification:_identify(.) by extensions ['ros']
[0.605s] Level 1:colcon.colcon_core.package_identification:_identify(.) by extension 'ros'
[0.632s] Level 1:colcon.colcon_core.package_identification:_identify(.) by extensions ['cmake', 'python']
[0.632s] Level 1:colcon.colcon_core.package_identification:_identify(.) by extension 'cmake'
[0.632s] Level 1:colcon.colcon_core.package_identification:_identify(.) by extension 'python'
[0.632s] Level 1:colcon.colcon_core.package_identification:_identify(.) by extensions ['python_setup_py']
[0.632s] Level 1:colcon.colcon_core.package_identification:_identify(.) by extension 'python_setup_py'
[0.632s] Level 1:colcon.colcon_core.package_identification:_identify(build) by extensions ['ignore', 'ignore_ament_install']
[0.633s] Level 1:colcon.colcon_core.package_identification:_identify(build) by extension 'ignore'
[0.633s] Level 1:colcon.colcon_core.package_identification:_identify(build) ignored
[0.633s] Level 1:colcon.colcon_core.package_identification:_identify(install) by extensions ['ignore', 'ignore_ament_install']
[0.633s] Level 1:colcon.colcon_core.package_identification:_identify(install) by extension 'ignore'
[0.633s] Level 1:colcon.colcon_core.package_identification:_identify(install) ignored
[0.633s] Level 1:colcon.colcon_core.package_identification:_identify(log) by extensions ['ignore', 'ignore_ament_install']
[0.633s] Level 1:colcon.colcon_core.package_identification:_identify(log) by extension 'ignore'
[0.633s] Level 1:colcon.colcon_core.package_identification:_identify(log) ignored
[0.634s] Level 1:colcon.colcon_core.package_identification:_identify(src) by extensions ['ignore', 'ignore_ament_install']
[0.634s] Level 1:colcon.colcon_core.package_identification:_identify(src) by extension 'ignore'
[0.634s] Level 1:colcon.colcon_core.package_identification:_identify(src) by extension 'ignore_ament_install'
[0.634s] Level 1:colcon.colcon_core.package_identification:_identify(src) by extensions ['colcon_pkg']
[0.634s] Level 1:colcon.colcon_core.package_identification:_identify(src) by extension 'colcon_pkg'
[0.634s] Level 1:colcon.colcon_core.package_identification:_identify(src) by extensions ['colcon_meta']
[0.634s] Level 1:colcon.colcon_core.package_identification:_identify(src) by extension 'colcon_meta'
[0.634s] Level 1:colcon.colcon_core.package_identification:_identify(src) by extensions ['ros']
[0.634s] Level 1:colcon.colcon_core.package_identification:_identify(src) by extension 'ros'
[0.634s] Level 1:colcon.colcon_core.package_identification:_identify(src) by extensions ['cmake', 'python']
[0.634s] Level 1:colcon.colcon_core.package_identification:_identify(src) by extension 'cmake'
[0.634s] Level 1:colcon.colcon_core.package_identification:_identify(src) by extension 'python'
[0.634s] Level 1:colcon.colcon_core.package_identification:_identify(src) by extensions ['python_setup_py']
[0.634s] Level 1:colcon.colcon_core.package_identification:_identify(src) by extension 'python_setup_py'
[0.635s] Level 1:colcon.colcon_core.package_identification:_identify(src/a1) by extensions ['ignore', 'ignore_ament_install']
[0.635s] Level 1:colcon.colcon_core.package_identification:_identify(src/a1) by extension 'ignore'
[0.635s] Level 1:colcon.colcon_core.package_identification:_identify(src/a1) by extension 'ignore_ament_install'
[0.635s] Level 1:colcon.colcon_core.package_identification:_identify(src/a1) by extensions ['colcon_pkg']
[0.635s] Level 1:colcon.colcon_core.package_identification:_identify(src/a1) by extension 'colcon_pkg'
[0.635s] Level 1:colcon.colcon_core.package_identification:_identify(src/a1) by extensions ['colcon_meta']
[0.635s] Level 1:colcon.colcon_core.package_identification:_identify(src/a1) by extension 'colcon_meta'
[0.635s] Level 1:colcon.colcon_core.package_identification:_identify(src/a1) by extensions ['ros']
[0.635s] Level 1:colcon.colcon_core.package_identification:_identify(src/a1) by extension 'ros'
[0.637s] DEBUG:colcon.colcon_core.package_identification:Failed to parse potential ROS package manifest in'src/a1': Error(s) in package 'src/a1/package.xml':
The manifest contains invalid XML:
not well-formed (invalid token): line 14, column 12
[0.637s] Level 1:colcon.colcon_core.package_identification:_identify(src/a1) by extensions ['cmake', 'python']
[0.638s] Level 1:colcon.colcon_core.package_identification:_identify(src/a1) by extension 'cmake'
[0.638s] Level 1:colcon.colcon_core.package_identification:_identify(src/a1) by extension 'python'
[0.638s] DEBUG:colcon.colcon_core.package_identification:Python package in 'src/a1' passes arguments to the setup() function which requires a different identification extension than 'python'
[0.638s] Level 1:colcon.colcon_core.package_identification:_identify(src/a1) by extensions ['python_setup_py']
[0.638s] Level 1:colcon.colcon_core.package_identification:_identify(src/a1) by extension 'python_setup_py'
[0.892s] DEBUG:colcon.colcon_core.package_identification:Package 'src/a1' with type 'python' and name 'a1'
[0.892s] Level 1:colcon.colcon_core.package_identification:_identify(src/a2) by extensions ['ignore', 'ignore_ament_install']
[0.892s] Level 1:colcon.colcon_core.package_identification:_identify(src/a2) by extension 'ignore'
[0.892s] Level 1:colcon.colcon_core.package_identification:_identify(src/a2) by extension 'ignore_ament_install'
[0.892s] Level 1:colcon.colcon_core.package_identification:_identify(src/a2) by extensions ['colcon_pkg']
[0.892s] Level 1:colcon.colcon_core.package_identification:_identify(src/a2) by extension 'colcon_pkg'
[0.892s] Level 1:colcon.colcon_core.package_identification:_identify(src/a2) by extensions ['colcon_meta']
[0.892s] Level 1:colcon.colcon_core.package_identification:_identify(src/a2) by extension 'colcon_meta'
[0.892s] Level 1:colcon.colcon_core.package_identification:_identify(src/a2) by extensions ['ros']
[0.892s] Level 1:colcon.colcon_core.package_identification:_identify(src/a2) by extension 'ros'
[0.893s] DEBUG:colcon.colcon_core.package_identification:Failed to parse potential ROS package manifest in'src/a2': Error(s) in package 'src/a2/package.xml':
The manifest contains invalid XML:
not well-formed (invalid token): line 14, column 14
[0.893s] Level 1:colcon.colcon_core.package_identification:_identify(src/a2) by extensions ['cmake', 'python']
[0.893s] Level 1:colcon.colcon_core.package_identification:_identify(src/a2) by extension 'cmake'
[0.893s] Level 1:colcon.colcon_core.package_identification:_identify(src/a2) by extension 'python'
[0.893s] DEBUG:colcon.colcon_core.package_identification:Python package in 'src/a2' passes arguments to the setup() function which requires a different identification extension than 'python'
[0.893s] Level 1:colcon.colcon_core.package_identification:_identify(src/a2) by extensions ['python_setup_py']
[0.893s] Level 1:colcon.colcon_core.package_identification:_identify(src/a2) by extension 'python_setup_py'
[1.139s] DEBUG:colcon.colcon_core.package_identification:Package 'src/a2' with type 'python' and name 'a2'
[1.139s] Level 1:colcon.colcon_core.package_identification:_identify(src/build) by extensions ['ignore', 'ignore_ament_install']
[1.139s] Level 1:colcon.colcon_core.package_identification:_identify(src/build) by extension 'ignore'
[1.139s] Level 1:colcon.colcon_core.package_identification:_identify(src/build) ignored
[1.140s] Level 1:colcon.colcon_core.package_identification:_identify(src/install) by extensions ['ignore', 'ignore_ament_install']
[1.140s] Level 1:colcon.colcon_core.package_identification:_identify(src/install) by extension 'ignore'
[1.140s] Level 1:colcon.colcon_core.package_identification:_identify(src/install) ignored
[1.140s] Level 1:colcon.colcon_core.package_identification:_identify(src/log) by extensions ['ignore', 'ignore_ament_install']
[1.140s] Level 1:colcon.colcon_core.package_identification:_identify(src/log) by extension 'ignore'
[1.140s] Level 1:colcon.colcon_core.package_identification:_identify(src/log) ignored
[1.140s] Level 1:colcon.colcon_core.package_discovery:discover_packages(recursive) using defaults
[1.140s] Level 1:colcon.colcon_core.package_discovery:discover_packages(ignore) discover
[1.140s] Level 1:colcon.colcon_core.package_discovery:discover_packages(ignore) using defaults
[1.140s] Level 1:colcon.colcon_core.package_discovery:discover_packages(path) discover
[1.140s] Level 1:colcon.colcon_core.package_discovery:discover_packages(path) using defaults
[1.208s] Level 1:colcon.colcon_core.package_discovery:discover_packages(prefix_path) check parameters
[1.208s] Level 1:colcon.colcon_core.package_discovery:discover_packages(prefix_path) discover
[1.211s] DEBUG:colcon.colcon_installed_package_information.package_discovery:Found 2 installed packages in /home/kemo/colcon_ws/install
[1.213s] DEBUG:colcon.colcon_installed_package_information.package_discovery:Found 276 installed packages in /opt/ros/humble
[1.214s] Level 1:colcon.colcon_core.package_discovery:discover_packages(prefix_path) using defaults
[1.249s] Level 5:colcon.colcon_core.verb:set package 'a1' build argument 'cmake_args' from command line to 'None'
[1.249s] Level 5:colcon.colcon_core.verb:set package 'a1' build argument 'cmake_target' from command line to 'None'
[1.249s] Level 5:colcon.colcon_core.verb:set package 'a1' build argument 'cmake_target_skip_unavailable' from command line to 'False'
[1.249s] Level 5:colcon.colcon_core.verb:set package 'a1' build argument 'cmake_clean_cache' from command line to 'False'
[1.249s] Level 5:colcon.colcon_core.verb:set package 'a1' build argument 'cmake_clean_first' from command line to 'False'
[1.249s] Level 5:colcon.colcon_core.verb:set package 'a1' build argument 'cmake_force_configure' from command line to 'False'
[1.249s] Level 5:colcon.colcon_core.verb:set package 'a1' build argument 'ament_cmake_args' from command line to 'None'
[1.249s] Level 5:colcon.colcon_core.verb:set package 'a1' build argument 'catkin_cmake_args' from command line to 'None'
[1.249s] Level 5:colcon.colcon_core.verb:set package 'a1' build argument 'catkin_skip_building_tests' from command line to 'False'
[1.249s] DEBUG:colcon.colcon_core.verb:Building package 'a1' with the following arguments: {'ament_cmake_args': None, 'build_base': '/home/kemo/colcon_ws/build/a1', 'catkin_cmake_args': None, 'catkin_skip_building_tests': False, 'cmake_args': None, 'cmake_clean_cache': False, 'cmake_clean_first': False, 'cmake_force_configure': False, 'cmake_target': None, 'cmake_target_skip_unavailable': False, 'install_base': '/home/kemo/colcon_ws/install/a1', 'merge_install': False, 'path': '/home/kemo/colcon_ws/src/a1', 'symlink_install': False, 'test_result_base': None}
[1.249s] Level 5:colcon.colcon_core.verb:set package 'a2' build argument 'cmake_args' from command line to 'None'
[1.249s] Level 5:colcon.colcon_core.verb:set package 'a2' build argument 'cmake_target' from command line to 'None'
[1.249s] Level 5:colcon.colcon_core.verb:set package 'a2' build argument 'cmake_target_skip_unavailable' from command line to 'False'
[1.250s] Level 5:colcon.colcon_core.verb:set package 'a2' build argument 'cmake_clean_cache' from command line to 'False'
[1.250s] Level 5:colcon.colcon_core.verb:set package 'a2' build argument 'cmake_clean_first' from command line to 'False'
[1.250s] Level 5:colcon.colcon_core.verb:set package 'a2' build argument 'cmake_force_configure' from command line to 'False'
[1.250s] Level 5:colcon.colcon_core.verb:set package 'a2' build argument 'ament_cmake_args' from command line to 'None'
[1.250s] Level 5:colcon.colcon_core.verb:set package 'a2' build argument 'catkin_cmake_args' from command line to 'None'
[1.250s] Level 5:colcon.colcon_core.verb:set package 'a2' build argument 'catkin_skip_building_tests' from command line to 'False'
[1.250s] DEBUG:colcon.colcon_core.verb:Building package 'a2' with the following arguments: {'ament_cmake_args': None, 'build_base': '/home/kemo/colcon_ws/build/a2', 'catkin_cmake_args': None, 'catkin_skip_building_tests': False, 'cmake_args': None, 'cmake_clean_cache': False, 'cmake_clean_first': False, 'cmake_force_configure': False, 'cmake_target': None, 'cmake_target_skip_unavailable': False, 'install_base': '/home/kemo/colcon_ws/install/a2', 'merge_install': False, 'path': '/home/kemo/colcon_ws/src/a2', 'symlink_install': False, 'test_result_base': None}
[1.250s] INFO:colcon.colcon_core.executor:Executing jobs using 'parallel' executor
[1.251s] DEBUG:colcon.colcon_parallel_executor.executor.parallel:run_until_complete
[1.251s] INFO:colcon.colcon_core.task.python.build:Building Python package in '/home/kemo/colcon_ws/src/a1'
[1.256s] INFO:colcon.colcon_core.plugin_system:Skipping extension 'colcon_core.shell.bat': Not used on non-Windows systems
[1.256s] INFO:colcon.colcon_core.shell:Skip shell extension 'powershell' for command environment: Not usable outside of PowerShell
[1.256s] DEBUG:colcon.colcon_core.shell:Skip shell extension 'dsv' for command environment
[1.260s] INFO:colcon.colcon_core.task.python.build:Building Python package in '/home/kemo/colcon_ws/src/a2'
[1.260s] INFO:colcon.colcon_core.shell:Skip shell extension 'powershell' for command environment: Not usable outside of PowerShell
[1.260s] DEBUG:colcon.colcon_core.shell:Skip shell extension 'dsv' for command environment
[1.910s] DEBUG:colcon.colcon_core.event_handler.log_command:Invoking command in '/home/kemo/colcon_ws/src/a1': PYTHONPATH=/home/kemo/colcon_ws/build/a1/prefix_override:/usr/lib/python3/dist-packages/colcon_core/task/python/colcon_distutils_commands:/home/kemo/colcon_ws/install/a1/lib/python3.10/site-packages:${PYTHONPATH} /usr/bin/python3 -W ignore:setup.py install is deprecated setup.py egg_info --egg-base ../../build/a1 build --build-base /home/kemo/colcon_ws/build/a1/build install --record /home/kemo/colcon_ws/build/a1/install.log --single-version-externally-managed install_data
[2.110s] DEBUG:colcon.colcon_core.event_handler.log_command:Invoking command in '/home/kemo/colcon_ws/src/a2': PYTHONPATH=/home/kemo/colcon_ws/build/a2/prefix_override:/usr/lib/python3/dist-packages/colcon_core/task/python/colcon_distutils_commands:/home/kemo/colcon_ws/install/a2/lib/python3.10/site-packages:${PYTHONPATH} /usr/bin/python3 -W ignore:setup.py install is deprecated setup.py egg_info --egg-base ../../build/a2 build --build-base /home/kemo/colcon_ws/build/a2/build install --record /home/kemo/colcon_ws/build/a2/install.log --single-version-externally-managed install_data
[2.226s] DEBUG:colcon.colcon_core.event_handler.log_command:Invoked command in '/home/kemo/colcon_ws/src/a1' returned '0': PYTHONPATH=/home/kemo/colcon_ws/build/a1/prefix_override:/usr/lib/python3/dist-packages/colcon_core/task/python/colcon_distutils_commands:/home/kemo/colcon_ws/install/a1/lib/python3.10/site-packages:${PYTHONPATH} /usr/bin/python3 -W ignore:setup.py install is deprecated setup.py egg_info --egg-base ../../build/a1 build --build-base /home/kemo/colcon_ws/build/a1/build install --record /home/kemo/colcon_ws/build/a1/install.log --single-version-externally-managed install_data
[2.233s] Level 1:colcon.colcon_core.environment:checking '/home/kemo/colcon_ws/install/a1' for CMake module files
[2.233s] Level 1:colcon.colcon_core.environment:checking '/home/kemo/colcon_ws/install/a1' for CMake config files
[2.234s] Level 1:colcon.colcon_core.environment:checking '/home/kemo/colcon_ws/install/a1/lib'
[2.234s] Level 1:colcon.colcon_core.environment:checking '/home/kemo/colcon_ws/install/a1/bin'
[2.234s] Level 1:colcon.colcon_core.environment:checking '/home/kemo/colcon_ws/install/a1/lib/pkgconfig/a1.pc'
[2.234s] Level 1:colcon.colcon_core.environment:checking '/home/kemo/colcon_ws/install/a1/lib/python3.10/site-packages'
[2.234s] Level 1:colcon.colcon_core.shell:create_environment_hook('a1', 'pythonpath')
[2.234s] INFO:colcon.colcon_core.shell:Creating environment hook '/home/kemo/colcon_ws/install/a1/share/a1/hook/pythonpath.ps1'
[2.235s] INFO:colcon.colcon_core.shell:Creating environment descriptor '/home/kemo/colcon_ws/install/a1/share/a1/hook/pythonpath.dsv'
[2.236s] INFO:colcon.colcon_core.shell:Creating environment hook '/home/kemo/colcon_ws/install/a1/share/a1/hook/pythonpath.sh'
[2.237s] Level 1:colcon.colcon_core.environment:checking '/home/kemo/colcon_ws/install/a1/bin'
[2.237s] Level 1:colcon.colcon_core.environment:create_environment_scripts_only(a1)
[2.237s] INFO:colcon.colcon_core.shell:Creating package script '/home/kemo/colcon_ws/install/a1/share/a1/package.ps1'
[2.238s] INFO:colcon.colcon_core.shell:Creating package descriptor '/home/kemo/colcon_ws/install/a1/share/a1/package.dsv'
[2.239s] INFO:colcon.colcon_core.shell:Creating package script '/home/kemo/colcon_ws/install/a1/share/a1/package.sh'
[2.239s] INFO:colcon.colcon_core.shell:Creating package script '/home/kemo/colcon_ws/install/a1/share/a1/package.bash'
[2.240s] INFO:colcon.colcon_core.shell:Creating package script '/home/kemo/colcon_ws/install/a1/share/a1/package.zsh'
[2.241s] Level 1:colcon.colcon_core.environment:create_file_with_runtime_dependencies(/home/kemo/colcon_ws/install/a1/share/colcon-core/packages/a1)
[2.412s] Level 1:colcon.colcon_core.environment:checking '/home/kemo/colcon_ws/install/a2' for CMake module files
[2.413s] DEBUG:colcon.colcon_core.event_handler.log_command:Invoked command in '/home/kemo/colcon_ws/src/a2' returned '0': PYTHONPATH=/home/kemo/colcon_ws/build/a2/prefix_override:/usr/lib/python3/dist-packages/colcon_core/task/python/colcon_distutils_commands:/home/kemo/colcon_ws/install/a2/lib/python3.10/site-packages:${PYTHONPATH} /usr/bin/python3 -W ignore:setup.py install is deprecated setup.py egg_info --egg-base ../../build/a2 build --build-base /home/kemo/colcon_ws/build/a2/build install --record /home/kemo/colcon_ws/build/a2/install.log --single-version-externally-managed install_data
[2.413s] Level 1:colcon.colcon_core.environment:checking '/home/kemo/colcon_ws/install/a2' for CMake config files
[2.414s] Level 1:colcon.colcon_core.environment:checking '/home/kemo/colcon_ws/install/a2/lib'
[2.414s] Level 1:colcon.colcon_core.environment:checking '/home/kemo/colcon_ws/install/a2/bin'
[2.414s] Level 1:colcon.colcon_core.environment:checking '/home/kemo/colcon_ws/install/a2/lib/pkgconfig/a2.pc'
[2.414s] Level 1:colcon.colcon_core.environment:checking '/home/kemo/colcon_ws/install/a2/lib/python3.10/site-packages'
[2.414s] Level 1:colcon.colcon_core.shell:create_environment_hook('a2', 'pythonpath')
[2.414s] INFO:colcon.colcon_core.shell:Creating environment hook '/home/kemo/colcon_ws/install/a2/share/a2/hook/pythonpath.ps1'
[2.415s] INFO:colcon.colcon_core.shell:Creating environment descriptor '/home/kemo/colcon_ws/install/a2/share/a2/hook/pythonpath.dsv'
[2.415s] INFO:colcon.colcon_core.shell:Creating environment hook '/home/kemo/colcon_ws/install/a2/share/a2/hook/pythonpath.sh'
[2.415s] Level 1:colcon.colcon_core.environment:checking '/home/kemo/colcon_ws/install/a2/bin'
[2.416s] Level 1:colcon.colcon_core.environment:create_environment_scripts_only(a2)
[2.416s] INFO:colcon.colcon_core.shell:Creating package script '/home/kemo/colcon_ws/install/a2/share/a2/package.ps1'
[2.416s] INFO:colcon.colcon_core.shell:Creating package descriptor '/home/kemo/colcon_ws/install/a2/share/a2/package.dsv'
[2.416s] INFO:colcon.colcon_core.shell:Creating package script '/home/kemo/colcon_ws/install/a2/share/a2/package.sh'
[2.417s] INFO:colcon.colcon_core.shell:Creating package script '/home/kemo/colcon_ws/install/a2/share/a2/package.bash'
[2.417s] INFO:colcon.colcon_core.shell:Creating package script '/home/kemo/colcon_ws/install/a2/share/a2/package.zsh'
[2.417s] Level 1:colcon.colcon_core.environment:create_file_with_runtime_dependencies(/home/kemo/colcon_ws/install/a2/share/colcon-core/packages/a2)
[2.417s] DEBUG:colcon.colcon_parallel_executor.executor.parallel:closing loop
[2.418s] DEBUG:colcon.colcon_parallel_executor.executor.parallel:loop closed
[2.418s] DEBUG:colcon.colcon_parallel_executor.executor.parallel:run_until_complete finished with '0'
[2.418s] DEBUG:colcon.colcon_core.event_reactor:joining thread
[2.423s] INFO:colcon.colcon_core.plugin_system:Skipping extension 'colcon_notification.desktop_notification.terminal_notifier': Not used on non-Darwin systems
[2.423s] INFO:colcon.colcon_core.plugin_system:Skipping extension 'colcon_notification.desktop_notification.win32': Not used on non-Windows systems
[2.423s] INFO:colcon.colcon_notification.desktop_notification:Sending desktop notification using 'notify2'
[2.443s] DEBUG:colcon.colcon_core.event_reactor:joined thread
[2.443s] INFO:colcon.colcon_core.shell:Creating prefix script '/home/kemo/colcon_ws/install/local_setup.ps1'
[2.444s] INFO:colcon.colcon_core.shell:Creating prefix util module '/home/kemo/colcon_ws/install/_local_setup_util_ps1.py'
[2.445s] INFO:colcon.colcon_core.shell:Creating prefix chain script '/home/kemo/colcon_ws/install/setup.ps1'
[2.446s] INFO:colcon.colcon_core.shell:Creating prefix script '/home/kemo/colcon_ws/install/local_setup.sh'
[2.447s] INFO:colcon.colcon_core.shell:Creating prefix util module '/home/kemo/colcon_ws/install/_local_setup_util_sh.py'
[2.447s] INFO:colcon.colcon_core.shell:Creating prefix chain script '/home/kemo/colcon_ws/install/setup.sh'
[2.448s] INFO:colcon.colcon_core.shell:Creating prefix script '/home/kemo/colcon_ws/install/local_setup.bash'
[2.449s] INFO:colcon.colcon_core.shell:Creating prefix chain script '/home/kemo/colcon_ws/install/setup.bash'
[2.450s] INFO:colcon.colcon_core.shell:Creating prefix script '/home/kemo/colcon_ws/install/local_setup.zsh'
[2.450s] INFO:colcon.colcon_core.shell:Creating prefix chain script '/home/kemo/colcon_ws/install/setup.zsh'
