[0.855s] Invoking command in '/home/kemo/colcon_ws/build/a2': PYTHONPATH=/home/kemo/colcon_ws/build/a2/prefix_override:/usr/lib/python3/dist-packages/colcon_core/task/python/colcon_distutils_commands:/home/kemo/colcon_ws/install/a2/lib/python3.10/site-packages:${PYTHONPATH} /usr/bin/python3 -W ignore:setup.py install is deprecated setup.py develop --uninstall --editable --build-directory /home/kemo/colcon_ws/build/a2/build
[1.123s] running develop
[1.123s] /usr/lib/python3/dist-packages/setuptools/command/easy_install.py:158: EasyInstallDeprecationWarning: easy_install command is deprecated. Use build and pip and other standards-based tools.
[1.123s]   warnings.warn(
[1.300s] Removing /home/kemo/colcon_ws/install/a2/lib/python3.10/site-packages/a2.egg-link (link to .)
[1.322s] Invoked command in '/home/kemo/colcon_ws/build/a2' returned '0': PYTHONPATH=/home/kemo/colcon_ws/build/a2/prefix_override:/usr/lib/python3/dist-packages/colcon_core/task/python/colcon_distutils_commands:/home/kemo/colcon_ws/install/a2/lib/python3.10/site-packages:${PYTHONPATH} /usr/bin/python3 -W ignore:setup.py install is deprecated setup.py develop --uninstall --editable --build-directory /home/kemo/colcon_ws/build/a2/build
[1.323s] Invoking command in '/home/kemo/colcon_ws/src/a2': PYTHONPATH=/home/kemo/colcon_ws/build/a2/prefix_override:/usr/lib/python3/dist-packages/colcon_core/task/python/colcon_distutils_commands:/home/kemo/colcon_ws/install/a2/lib/python3.10/site-packages:${PYTHONPATH} /usr/bin/python3 -W ignore:setup.py install is deprecated setup.py egg_info --egg-base ../../build/a2 build --build-base /home/kemo/colcon_ws/build/a2/build install --record /home/kemo/colcon_ws/build/a2/install.log --single-version-externally-managed install_data --force
[1.569s] running egg_info
[1.570s] writing ../../build/a2/a2.egg-info/PKG-INFO
[1.570s] writing dependency_links to ../../build/a2/a2.egg-info/dependency_links.txt
[1.570s] writing entry points to ../../build/a2/a2.egg-info/entry_points.txt
[1.570s] writing requirements to ../../build/a2/a2.egg-info/requires.txt
[1.570s] writing top-level names to ../../build/a2/a2.egg-info/top_level.txt
[1.573s] reading manifest file '../../build/a2/a2.egg-info/SOURCES.txt'
[1.575s] writing manifest file '../../build/a2/a2.egg-info/SOURCES.txt'
[1.575s] running build
[1.575s] running build_py
[1.575s] running install
[1.576s] running install_lib
[1.576s] creating /home/kemo/colcon_ws/install/a2/lib/python3.10/site-packages/a2
[1.576s] copying /home/kemo/colcon_ws/build/a2/build/lib/a2/__init__.py -> /home/kemo/colcon_ws/install/a2/lib/python3.10/site-packages/a2
[1.577s] byte-compiling /home/kemo/colcon_ws/install/a2/lib/python3.10/site-packages/a2/__init__.py to __init__.cpython-310.pyc
[1.577s] running install_data
[1.577s] copying resource/a2 -> /home/kemo/colcon_ws/install/a2/share/ament_index/resource_index/packages
[1.577s] copying package.xml -> /home/kemo/colcon_ws/install/a2/share/a2
[1.577s] running install_egg_info
[1.579s] Copying ../../build/a2/a2.egg-info to /home/kemo/colcon_ws/install/a2/lib/python3.10/site-packages/a2-0.0.0-py3.10.egg-info
[1.580s] running install_scripts
[1.597s] writing list of installed files to '/home/kemo/colcon_ws/build/a2/install.log'
[1.615s] Invoked command in '/home/kemo/colcon_ws/src/a2' returned '0': PYTHONPATH=/home/kemo/colcon_ws/build/a2/prefix_override:/usr/lib/python3/dist-packages/colcon_core/task/python/colcon_distutils_commands:/home/kemo/colcon_ws/install/a2/lib/python3.10/site-packages:${PYTHONPATH} /usr/bin/python3 -W ignore:setup.py install is deprecated setup.py egg_info --egg-base ../../build/a2 build --build-base /home/kemo/colcon_ws/build/a2/build install --record /home/kemo/colcon_ws/build/a2/install.log --single-version-externally-managed install_data --force
