[0.608s] Invoking command in '/home/kemo/colcon_ws/build/a1': PYTHONPATH=/home/kemo/colcon_ws/build/a1/prefix_override:/usr/lib/python3/dist-packages/colcon_core/task/python/colcon_distutils_commands:/home/kemo/colcon_ws/install/a1/lib/python3.10/site-packages:${PYTHONPATH} /usr/bin/python3 -W ignore:setup.py install is deprecated setup.py develop --editable --build-directory /home/kemo/colcon_ws/build/a1/build --no-deps symlink_data --force
[0.894s] running develop
[0.895s] /usr/lib/python3/dist-packages/setuptools/command/easy_install.py:158: EasyInstallDeprecationWarning: easy_install command is deprecated. Use build and pip and other standards-based tools.
[0.895s]   warnings.warn(
[1.089s] running egg_info
[1.089s] writing a1.egg-info/PKG-INFO
[1.089s] writing dependency_links to a1.egg-info/dependency_links.txt
[1.090s] writing entry points to a1.egg-info/entry_points.txt
[1.090s] writing requirements to a1.egg-info/requires.txt
[1.090s] writing top-level names to a1.egg-info/top_level.txt
[1.093s] reading manifest file 'a1.egg-info/SOURCES.txt'
[1.093s] writing manifest file 'a1.egg-info/SOURCES.txt'
[1.095s] running build_ext
[1.095s] Creating /home/kemo/colcon_ws/install/a1/lib/python3.10/site-packages/a1.egg-link (link to .)
[1.096s] Installing listener script to /home/kemo/colcon_ws/install/a1/lib/a1
[1.096s] Installing talker script to /home/kemo/colcon_ws/install/a1/lib/a1
[1.096s] 
[1.096s] Installed /home/kemo/colcon_ws/build/a1
[1.096s] running symlink_data
[1.096s] symbolically linking /home/kemo/colcon_ws/build/a1/resource/a1 -> /home/kemo/colcon_ws/install/a1/share/ament_index/resource_index/packages
[1.097s] symbolically linking /home/kemo/colcon_ws/build/a1/package.xml -> /home/kemo/colcon_ws/install/a1/share/a1
[1.125s] Invoked command in '/home/kemo/colcon_ws/build/a1' returned '0': PYTHONPATH=/home/kemo/colcon_ws/build/a1/prefix_override:/usr/lib/python3/dist-packages/colcon_core/task/python/colcon_distutils_commands:/home/kemo/colcon_ws/install/a1/lib/python3.10/site-packages:${PYTHONPATH} /usr/bin/python3 -W ignore:setup.py install is deprecated setup.py develop --editable --build-directory /home/kemo/colcon_ws/build/a1/build --no-deps symlink_data --force
