[0.006s] Invoking command in '/home/kemo/ros2_ws/build/turtlebot3_simulations': AMENT_PREFIX_PATH=/home/kemo/ros2_ws/install/turtlebot3_gazebo:/home/kemo/ros2_ws/install/turtlebot3_fake_node:${AMENT_PREFIX_PATH} CMAKE_PREFIX_PATH=/home/kemo/ros2_ws/install/turtlebot3_gazebo:/home/kemo/ros2_ws/install/turtlebot3_fake_node:/opt/ros/humble /usr/bin/cmake /home/kemo/ros2_ws/src/turtlebot3_simulations/turtlebot3_simulations -DCMAKE_INSTALL_PREFIX=/home/kemo/ros2_ws/install/turtlebot3_simulations
[0.054s] -- The C compiler identification is GNU 11.4.0
[0.105s] -- The CXX compiler identification is GNU 11.4.0
[0.111s] -- Detecting C compiler ABI info
[0.172s] -- Detecting C compiler ABI info - done
[0.179s] -- Check for working C compiler: /usr/bin/cc - skipped
[0.179s] -- Detecting C compile features
[0.179s] -- Detecting C compile features - done
[0.182s] -- Detecting CXX compiler ABI info
[0.252s] -- Detecting CXX compiler ABI info - done
[0.259s] -- Check for working CXX compiler: /usr/bin/c++ - skipped
[0.259s] -- Detecting CXX compile features
[0.260s] -- Detecting CXX compile features - done
[0.262s] -- Found ament_cmake: 1.3.10 (/opt/ros/humble/share/ament_cmake/cmake)
[0.394s] -- Found Python3: /usr/bin/python3 (found version "3.10.12") found components: Interpreter 
[0.527s] -- Configuring done
[0.529s] -- Generating done
[0.530s] -- Build files have been written to: /home/kemo/ros2_ws/build/turtlebot3_simulations
[0.534s] Invoked command in '/home/kemo/ros2_ws/build/turtlebot3_simulations' returned '0': AMENT_PREFIX_PATH=/home/kemo/ros2_ws/install/turtlebot3_gazebo:/home/kemo/ros2_ws/install/turtlebot3_fake_node:${AMENT_PREFIX_PATH} CMAKE_PREFIX_PATH=/home/kemo/ros2_ws/install/turtlebot3_gazebo:/home/kemo/ros2_ws/install/turtlebot3_fake_node:/opt/ros/humble /usr/bin/cmake /home/kemo/ros2_ws/src/turtlebot3_simulations/turtlebot3_simulations -DCMAKE_INSTALL_PREFIX=/home/kemo/ros2_ws/install/turtlebot3_simulations
[0.535s] Invoking command in '/home/kemo/ros2_ws/build/turtlebot3_simulations': AMENT_PREFIX_PATH=/home/kemo/ros2_ws/install/turtlebot3_gazebo:/home/kemo/ros2_ws/install/turtlebot3_fake_node:${AMENT_PREFIX_PATH} CMAKE_PREFIX_PATH=/home/kemo/ros2_ws/install/turtlebot3_gazebo:/home/kemo/ros2_ws/install/turtlebot3_fake_node:/opt/ros/humble /usr/bin/cmake --build /home/kemo/ros2_ws/build/turtlebot3_simulations -- -j12 -l12
[0.567s] Invoked command in '/home/kemo/ros2_ws/build/turtlebot3_simulations' returned '0': AMENT_PREFIX_PATH=/home/kemo/ros2_ws/install/turtlebot3_gazebo:/home/kemo/ros2_ws/install/turtlebot3_fake_node:${AMENT_PREFIX_PATH} CMAKE_PREFIX_PATH=/home/kemo/ros2_ws/install/turtlebot3_gazebo:/home/kemo/ros2_ws/install/turtlebot3_fake_node:/opt/ros/humble /usr/bin/cmake --build /home/kemo/ros2_ws/build/turtlebot3_simulations -- -j12 -l12
[0.587s] Invoking command in '/home/kemo/ros2_ws/build/turtlebot3_simulations': AMENT_PREFIX_PATH=/home/kemo/ros2_ws/install/turtlebot3_gazebo:/home/kemo/ros2_ws/install/turtlebot3_fake_node:${AMENT_PREFIX_PATH} CMAKE_PREFIX_PATH=/home/kemo/ros2_ws/install/turtlebot3_gazebo:/home/kemo/ros2_ws/install/turtlebot3_fake_node:/opt/ros/humble /usr/bin/cmake --install /home/kemo/ros2_ws/build/turtlebot3_simulations
[0.593s] -- Install configuration: ""
[0.593s] -- Installing: /home/kemo/ros2_ws/install/turtlebot3_simulations/share/ament_index/resource_index/package_run_dependencies/turtlebot3_simulations
[0.593s] -- Installing: /home/kemo/ros2_ws/install/turtlebot3_simulations/share/ament_index/resource_index/parent_prefix_path/turtlebot3_simulations
[0.594s] -- Installing: /home/kemo/ros2_ws/install/turtlebot3_simulations/share/turtlebot3_simulations/environment/ament_prefix_path.sh
[0.594s] -- Installing: /home/kemo/ros2_ws/install/turtlebot3_simulations/share/turtlebot3_simulations/environment/ament_prefix_path.dsv
[0.594s] -- Installing: /home/kemo/ros2_ws/install/turtlebot3_simulations/share/turtlebot3_simulations/environment/path.sh
[0.594s] -- Installing: /home/kemo/ros2_ws/install/turtlebot3_simulations/share/turtlebot3_simulations/environment/path.dsv
[0.594s] -- Installing: /home/kemo/ros2_ws/install/turtlebot3_simulations/share/turtlebot3_simulations/local_setup.bash
[0.594s] -- Installing: /home/kemo/ros2_ws/install/turtlebot3_simulations/share/turtlebot3_simulations/local_setup.sh
[0.594s] -- Installing: /home/kemo/ros2_ws/install/turtlebot3_simulations/share/turtlebot3_simulations/local_setup.zsh
[0.594s] -- Installing: /home/kemo/ros2_ws/install/turtlebot3_simulations/share/turtlebot3_simulations/local_setup.dsv
[0.595s] -- Installing: /home/kemo/ros2_ws/install/turtlebot3_simulations/share/turtlebot3_simulations/package.dsv
[0.595s] -- Installing: /home/kemo/ros2_ws/install/turtlebot3_simulations/share/ament_index/resource_index/packages/turtlebot3_simulations
[0.595s] -- Installing: /home/kemo/ros2_ws/install/turtlebot3_simulations/share/turtlebot3_simulations/cmake/turtlebot3_simulationsConfig.cmake
[0.595s] -- Installing: /home/kemo/ros2_ws/install/turtlebot3_simulations/share/turtlebot3_simulations/cmake/turtlebot3_simulationsConfig-version.cmake
[0.595s] -- Installing: /home/kemo/ros2_ws/install/turtlebot3_simulations/share/turtlebot3_simulations/package.xml
[0.597s] Invoked command in '/home/kemo/ros2_ws/build/turtlebot3_simulations' returned '0': AMENT_PREFIX_PATH=/home/kemo/ros2_ws/install/turtlebot3_gazebo:/home/kemo/ros2_ws/install/turtlebot3_fake_node:${AMENT_PREFIX_PATH} CMAKE_PREFIX_PATH=/home/kemo/ros2_ws/install/turtlebot3_gazebo:/home/kemo/ros2_ws/install/turtlebot3_fake_node:/opt/ros/humble /usr/bin/cmake --install /home/kemo/ros2_ws/build/turtlebot3_simulations
