[0.016s] Invoking command in '/home/kemo/ros2_ws/build/turtlebot3_gazebo': CMAKE_PREFIX_PATH=/opt/ros/humble /usr/bin/cmake /home/kemo/ros2_ws/src/turtlebot3_simulations/turtlebot3_gazebo -DCMAKE_INSTALL_PREFIX=/home/kemo/ros2_ws/install/turtlebot3_gazebo
[0.266s] -- Found ament_cmake: 1.3.10 (/opt/ros/humble/share/ament_cmake/cmake)
[0.266s] -- Found DART: /usr/include (Required is at least version "6.6") found components: dart 
[0.266s] -- Found Protobuf: /usr/lib/x86_64-linux-gnu/libprotobuf.so (found version "3.12.4") 
[0.266s] -- Looking for ignition-math6 -- found version 6.15.1
[0.266s] -- Searching for dependencies of ignition-math6
[0.266s] -- Looking for OGRE...
[0.266s] -- Found Ogre Ghadamon (1.9.0)
[0.266s] -- Found OGRE: optimized;/usr/lib/x86_64-linux-gnu/libOgreMain.so;debug;/usr/lib/x86_64-linux-gnu/libOgreMain.so
[0.266s] -- Looking for OGRE_Paging...
[0.266s] -- Found OGRE_Paging: optimized;/usr/lib/x86_64-linux-gnu/libOgrePaging.so;debug;/usr/lib/x86_64-linux-gnu/libOgrePaging.so
[0.267s] -- Looking for OGRE_Terrain...
[0.267s] -- Found OGRE_Terrain: optimized;/usr/lib/x86_64-linux-gnu/libOgreTerrain.so;debug;/usr/lib/x86_64-linux-gnu/libOgreTerrain.so
[0.267s] -- Looking for OGRE_Property...
[0.267s] -- Found OGRE_Property: optimized;/usr/lib/x86_64-linux-gnu/libOgreProperty.so;debug;/usr/lib/x86_64-linux-gnu/libOgreProperty.so
[0.267s] -- Looking for OGRE_RTShaderSystem...
[0.267s] -- Found OGRE_RTShaderSystem: optimized;/usr/lib/x86_64-linux-gnu/libOgreRTShaderSystem.so;debug;/usr/lib/x86_64-linux-gnu/libOgreRTShaderSystem.so
[0.267s] -- Looking for OGRE_Volume...
[0.267s] -- Found OGRE_Volume: optimized;/usr/lib/x86_64-linux-gnu/libOgreVolume.so;debug;/usr/lib/x86_64-linux-gnu/libOgreVolume.so
[0.267s] -- Looking for OGRE_Overlay...
[0.267s] -- Found OGRE_Overlay: optimized;/usr/lib/x86_64-linux-gnu/libOgreOverlay.so;debug;/usr/lib/x86_64-linux-gnu/libOgreOverlay.so
[0.267s] [33mCMake Warning (dev) at /usr/share/cmake-3.22/Modules/FindPackageHandleStandardArgs.cmake:438 (message):
[0.267s]   The package name passed to `find_package_handle_standard_args` (PkgConfig)
[0.267s]   does not match the name of the calling package (gazebo).  This can lead to
[0.267s]   problems in calling code that expects `find_package` result variables
[0.267s]   (e.g., `_FOUND`) to follow a certain pattern.
[0.267s] Call Stack (most recent call first):
[0.268s]   /usr/share/cmake-3.22/Modules/FindPkgConfig.cmake:99 (find_package_handle_standard_args)
[0.268s]   /usr/lib/x86_64-linux-gnu/cmake/gazebo/gazebo-config.cmake:72 (include)
[0.268s]   CMakeLists.txt:23 (find_package)
[0.268s] This warning is for project developers.  Use -Wno-dev to suppress it.
[0.268s] [0m
[0.328s] -- Looking for ignition-math6 -- found version 6.15.1
[0.328s] -- Looking for ignition-transport8 -- found version 8.2.1
[0.329s] -- Searching for dependencies of ignition-transport8
[0.346s] -- Found Protobuf: /usr/lib/x86_64-linux-gnu/libprotobuf.so (found suitable version "3.12.4", minimum required is "3") 
[0.356s] -- Config-file not installed for ZeroMQ -- checking for pkg-config
[0.360s] -- Checking for module 'libzmq >= 4'
[0.371s] --   Found libzmq , version 4.3.4
[0.406s] -- Checking for module 'uuid'
[0.417s] --   Found uuid, version 2.37.2
[0.447s] -- Looking for ignition-msgs5 -- found version 5.8.1
[0.447s] -- Searching for dependencies of ignition-msgs5
[0.465s] -- Looking for ignition-math6 -- found version 6.15.1
[0.470s] -- Checking for module 'tinyxml2'
[0.482s] --   Found tinyxml2, version 9.0.0
[0.513s] -- Looking for ignition-msgs5 -- found version 5.8.1
[0.513s] -- Looking for ignition-common3 -- found version 3.14.0
[0.514s] -- Searching for dependencies of ignition-common3
[0.514s] -- Looking for dlfcn.h - found
[0.514s] -- Looking for libdl - found
[0.523s] -- Searching for <ignition-common3> component [graphics]
[0.524s] -- Looking for ignition-common3-graphics -- found version 3.14.0
[0.524s] -- Searching for dependencies of ignition-common3-graphics
[0.525s] -- Looking for ignition-math6 -- found version 6.15.1
[0.525s] -- Looking for ignition-fuel_tools4 -- found version 4.4.0
[0.526s] -- Searching for dependencies of ignition-fuel_tools4
[0.562s] -- Checking for module 'jsoncpp'
[0.574s] --   Found jsoncpp, version 1.9.5
[0.610s] -- Checking for module 'libzip'
[0.622s] --   Found libzip, version 1.7.3
[0.652s] -- Looking for ignition-common3 -- found version 3.14.0
[0.652s] -- Looking for ignition-math6 -- found version 6.15.1
[0.653s] -- Looking for ignition-msgs5 -- found version 5.8.1
[0.664s] [31mCMake Error at CMakeLists.txt:24 (find_package):
[0.664s]   By not providing "Findgazebo_ros_pkgs.cmake" in CMAKE_MODULE_PATH this
[0.664s]   project has asked CMake to find a package configuration file provided by
[0.664s]   "gazebo_ros_pkgs", but CMake did not find one.
[0.664s] 
[0.664s]   Could not find a package configuration file provided by "gazebo_ros_pkgs"
[0.664s]   with any of the following names:
[0.664s] 
[0.664s]     gazebo_ros_pkgsConfig.cmake
[0.664s]     gazebo_ros_pkgs-config.cmake
[0.664s] 
[0.664s]   Add the installation prefix of "gazebo_ros_pkgs" to CMAKE_PREFIX_PATH or
[0.664s]   set "gazebo_ros_pkgs_DIR" to a directory containing one of the above files.
[0.665s]   If "gazebo_ros_pkgs" provides a separate development package or SDK, be
[0.665s]   sure it has been installed.
[0.665s] 
[0.665s] [0m
[0.665s] -- Configuring incomplete, errors occurred!
[0.665s] See also "/home/kemo/ros2_ws/build/turtlebot3_gazebo/CMakeFiles/CMakeOutput.log".
[0.670s] Invoked command in '/home/kemo/ros2_ws/build/turtlebot3_gazebo' returned '1': CMAKE_PREFIX_PATH=/opt/ros/humble /usr/bin/cmake /home/kemo/ros2_ws/src/turtlebot3_simulations/turtlebot3_gazebo -DCMAKE_INSTALL_PREFIX=/home/kemo/ros2_ws/install/turtlebot3_gazebo
