running egg_info
creating ../../build/a1/a1.egg-info
writing ../../build/a1/a1.egg-info/PKG-INFO
writing dependency_links to ../../build/a1/a1.egg-info/dependency_links.txt
writing entry points to ../../build/a1/a1.egg-info/entry_points.txt
writing requirements to ../../build/a1/a1.egg-info/requires.txt
writing top-level names to ../../build/a1/a1.egg-info/top_level.txt
writing manifest file '../../build/a1/a1.egg-info/SOURCES.txt'
reading manifest file '../../build/a1/a1.egg-info/SOURCES.txt'
writing manifest file '../../build/a1/a1.egg-info/SOURCES.txt'
running build
running build_py
creating /home/kemo/colcon_ws/build/a1/build
creating /home/kemo/colcon_ws/build/a1/build/lib
creating /home/kemo/colcon_ws/build/a1/build/lib/a1
copying a1/__init__.py -> /home/kemo/colcon_ws/build/a1/build/lib/a1
running install
running install_lib
creating /home/kemo/colcon_ws/install/a1/lib/python3.10/site-packages/a1
copying /home/kemo/colcon_ws/build/a1/build/lib/a1/__init__.py -> /home/kemo/colcon_ws/install/a1/lib/python3.10/site-packages/a1
byte-compiling /home/kemo/colcon_ws/install/a1/lib/python3.10/site-packages/a1/__init__.py to __init__.cpython-310.pyc
running install_data
creating /home/kemo/colcon_ws/install/a1/share/ament_index
creating /home/kemo/colcon_ws/install/a1/share/ament_index/resource_index
creating /home/kemo/colcon_ws/install/a1/share/ament_index/resource_index/packages
copying resource/a1 -> /home/kemo/colcon_ws/install/a1/share/ament_index/resource_index/packages
copying package.xml -> /home/kemo/colcon_ws/install/a1/share/a1
running install_egg_info
Copying ../../build/a1/a1.egg-info to /home/kemo/colcon_ws/install/a1/lib/python3.10/site-packages/a1-0.0.0-py3.10.egg-info
running install_scripts
writing list of installed files to '/home/kemo/colcon_ws/build/a1/install.log'
