[0.633s] Invoking command in '/home/kemo/colcon_ws/src/a1': PYTHONPATH=/home/kemo/colcon_ws/build/a1/prefix_override:/usr/lib/python3/dist-packages/colcon_core/task/python/colcon_distutils_commands:/home/kemo/colcon_ws/install/a1/lib/python3.10/site-packages:${PYTHONPATH} /usr/bin/python3 -W ignore:setup.py install is deprecated setup.py egg_info --egg-base ../../build/a1 build --build-base /home/kemo/colcon_ws/build/a1/build install --record /home/kemo/colcon_ws/build/a1/install.log --single-version-externally-managed install_data
[0.878s] running egg_info
[0.878s] creating ../../build/a1/a1.egg-info
[0.879s] writing ../../build/a1/a1.egg-info/PKG-INFO
[0.879s] writing dependency_links to ../../build/a1/a1.egg-info/dependency_links.txt
[0.879s] writing entry points to ../../build/a1/a1.egg-info/entry_points.txt
[0.879s] writing requirements to ../../build/a1/a1.egg-info/requires.txt
[0.879s] writing top-level names to ../../build/a1/a1.egg-info/top_level.txt
[0.883s] writing manifest file '../../build/a1/a1.egg-info/SOURCES.txt'
[0.884s] reading manifest file '../../build/a1/a1.egg-info/SOURCES.txt'
[0.885s] writing manifest file '../../build/a1/a1.egg-info/SOURCES.txt'
[0.885s] running build
[0.885s] running build_py
[0.885s] creating /home/kemo/colcon_ws/build/a1/build
[0.885s] creating /home/kemo/colcon_ws/build/a1/build/lib
[0.885s] creating /home/kemo/colcon_ws/build/a1/build/lib/a1
[0.885s] copying a1/__init__.py -> /home/kemo/colcon_ws/build/a1/build/lib/a1
[0.885s] running install
[0.885s] running install_lib
[0.886s] creating /home/kemo/colcon_ws/install/a1/lib/python3.10/site-packages/a1
[0.886s] copying /home/kemo/colcon_ws/build/a1/build/lib/a1/__init__.py -> /home/kemo/colcon_ws/install/a1/lib/python3.10/site-packages/a1
[0.886s] byte-compiling /home/kemo/colcon_ws/install/a1/lib/python3.10/site-packages/a1/__init__.py to __init__.cpython-310.pyc
[0.887s] running install_data
[0.887s] creating /home/kemo/colcon_ws/install/a1/share/ament_index
[0.887s] creating /home/kemo/colcon_ws/install/a1/share/ament_index/resource_index
[0.887s] creating /home/kemo/colcon_ws/install/a1/share/ament_index/resource_index/packages
[0.887s] copying resource/a1 -> /home/kemo/colcon_ws/install/a1/share/ament_index/resource_index/packages
[0.887s] copying package.xml -> /home/kemo/colcon_ws/install/a1/share/a1
[0.887s] running install_egg_info
[0.888s] Copying ../../build/a1/a1.egg-info to /home/kemo/colcon_ws/install/a1/lib/python3.10/site-packages/a1-0.0.0-py3.10.egg-info
[0.889s] running install_scripts
[0.906s] writing list of installed files to '/home/kemo/colcon_ws/build/a1/install.log'
[0.926s] Invoked command in '/home/kemo/colcon_ws/src/a1' returned '0': PYTHONPATH=/home/kemo/colcon_ws/build/a1/prefix_override:/usr/lib/python3/dist-packages/colcon_core/task/python/colcon_distutils_commands:/home/kemo/colcon_ws/install/a1/lib/python3.10/site-packages:${PYTHONPATH} /usr/bin/python3 -W ignore:setup.py install is deprecated setup.py egg_info --egg-base ../../build/a1 build --build-base /home/kemo/colcon_ws/build/a1/build install --record /home/kemo/colcon_ws/build/a1/install.log --single-version-externally-managed install_data
